[2024-03-09T04:58:25.280+0000] {processor.py:161} INFO - Started process (PID=42) to work on /opt/airflow/dags/First_dag.py
[2024-03-09T04:58:25.282+0000] {processor.py:830} INFO - Processing file /opt/airflow/dags/First_dag.py for tasks to queue
[2024-03-09T04:58:25.286+0000] {logging_mixin.py:188} INFO - [2024-03-09T04:58:25.286+0000] {dagbag.py:540} INFO - Filling up the DagBag from /opt/airflow/dags/First_dag.py
[2024-03-09T04:58:25.361+0000] {processor.py:840} INFO - DAG(s) 'DAG_1' retrieved from /opt/airflow/dags/First_dag.py
[2024-03-09T04:58:25.708+0000] {logging_mixin.py:188} INFO - [2024-03-09T04:58:25.707+0000] {override.py:1769} INFO - Created Permission View: can read on DAG:DAG_1
[2024-03-09T04:58:25.725+0000] {logging_mixin.py:188} INFO - [2024-03-09T04:58:25.725+0000] {override.py:1769} INFO - Created Permission View: can edit on DAG:DAG_1
[2024-03-09T04:58:25.737+0000] {logging_mixin.py:188} INFO - [2024-03-09T04:58:25.736+0000] {override.py:1769} INFO - Created Permission View: can delete on DAG:DAG_1
[2024-03-09T04:58:25.738+0000] {logging_mixin.py:188} INFO - [2024-03-09T04:58:25.738+0000] {dag.py:3047} INFO - Sync 1 DAGs
[2024-03-09T04:58:25.758+0000] {logging_mixin.py:188} INFO - [2024-03-09T04:58:25.757+0000] {dag.py:3069} INFO - Creating ORM DAG for DAG_1
[2024-03-09T04:58:25.779+0000] {logging_mixin.py:188} INFO - [2024-03-09T04:58:25.779+0000] {dag.py:3834} INFO - Setting next_dagrun for DAG_1 to 2024-03-17 00:00:00+00:00, run_after=2024-03-24 00:00:00+00:00
[2024-03-09T04:58:25.820+0000] {processor.py:183} INFO - Processing /opt/airflow/dags/First_dag.py took 0.547 seconds
[2024-03-09T04:58:56.078+0000] {processor.py:161} INFO - Started process (PID=99) to work on /opt/airflow/dags/First_dag.py
[2024-03-09T04:58:56.082+0000] {processor.py:830} INFO - Processing file /opt/airflow/dags/First_dag.py for tasks to queue
[2024-03-09T04:58:56.088+0000] {logging_mixin.py:188} INFO - [2024-03-09T04:58:56.087+0000] {dagbag.py:540} INFO - Filling up the DagBag from /opt/airflow/dags/First_dag.py
[2024-03-09T04:58:56.135+0000] {processor.py:840} INFO - DAG(s) 'DAG_1' retrieved from /opt/airflow/dags/First_dag.py
[2024-03-09T04:58:56.470+0000] {logging_mixin.py:188} INFO - [2024-03-09T04:58:56.470+0000] {dag.py:3047} INFO - Sync 1 DAGs
[2024-03-09T04:58:56.541+0000] {logging_mixin.py:188} INFO - [2024-03-09T04:58:56.540+0000] {dag.py:3834} INFO - Setting next_dagrun for DAG_1 to 2024-03-17 00:00:00+00:00, run_after=2024-03-24 00:00:00+00:00
[2024-03-09T04:58:56.598+0000] {processor.py:183} INFO - Processing /opt/airflow/dags/First_dag.py took 0.526 seconds
[2024-03-09T04:59:26.892+0000] {processor.py:161} INFO - Started process (PID=156) to work on /opt/airflow/dags/First_dag.py
[2024-03-09T04:59:26.893+0000] {processor.py:830} INFO - Processing file /opt/airflow/dags/First_dag.py for tasks to queue
[2024-03-09T04:59:26.894+0000] {logging_mixin.py:188} INFO - [2024-03-09T04:59:26.894+0000] {dagbag.py:540} INFO - Filling up the DagBag from /opt/airflow/dags/First_dag.py
[2024-03-09T04:59:26.922+0000] {processor.py:840} INFO - DAG(s) 'DAG_1' retrieved from /opt/airflow/dags/First_dag.py
[2024-03-09T04:59:27.052+0000] {logging_mixin.py:188} INFO - [2024-03-09T04:59:27.052+0000] {dag.py:3047} INFO - Sync 1 DAGs
[2024-03-09T04:59:27.078+0000] {logging_mixin.py:188} INFO - [2024-03-09T04:59:27.077+0000] {dag.py:3834} INFO - Setting next_dagrun for DAG_1 to 2024-03-17 00:00:00+00:00, run_after=2024-03-24 00:00:00+00:00
[2024-03-09T04:59:27.105+0000] {processor.py:183} INFO - Processing /opt/airflow/dags/First_dag.py took 0.218 seconds
[2024-03-09T04:59:57.267+0000] {processor.py:161} INFO - Started process (PID=213) to work on /opt/airflow/dags/First_dag.py
[2024-03-09T04:59:57.268+0000] {processor.py:830} INFO - Processing file /opt/airflow/dags/First_dag.py for tasks to queue
[2024-03-09T04:59:57.270+0000] {logging_mixin.py:188} INFO - [2024-03-09T04:59:57.269+0000] {dagbag.py:540} INFO - Filling up the DagBag from /opt/airflow/dags/First_dag.py
[2024-03-09T04:59:57.294+0000] {processor.py:840} INFO - DAG(s) 'DAG_1' retrieved from /opt/airflow/dags/First_dag.py
[2024-03-09T04:59:57.322+0000] {logging_mixin.py:188} INFO - [2024-03-09T04:59:57.322+0000] {dag.py:3047} INFO - Sync 1 DAGs
[2024-03-09T04:59:57.355+0000] {logging_mixin.py:188} INFO - [2024-03-09T04:59:57.355+0000] {dag.py:3834} INFO - Setting next_dagrun for DAG_1 to 2024-03-17 00:00:00+00:00, run_after=2024-03-24 00:00:00+00:00
[2024-03-09T04:59:57.390+0000] {processor.py:183} INFO - Processing /opt/airflow/dags/First_dag.py took 0.127 seconds
[2024-03-09T05:00:27.671+0000] {processor.py:161} INFO - Started process (PID=270) to work on /opt/airflow/dags/First_dag.py
[2024-03-09T05:00:27.673+0000] {processor.py:830} INFO - Processing file /opt/airflow/dags/First_dag.py for tasks to queue
[2024-03-09T05:00:27.675+0000] {logging_mixin.py:188} INFO - [2024-03-09T05:00:27.674+0000] {dagbag.py:540} INFO - Filling up the DagBag from /opt/airflow/dags/First_dag.py
[2024-03-09T05:00:27.704+0000] {processor.py:840} INFO - DAG(s) 'DAG_1' retrieved from /opt/airflow/dags/First_dag.py
[2024-03-09T05:00:27.730+0000] {logging_mixin.py:188} INFO - [2024-03-09T05:00:27.730+0000] {dag.py:3047} INFO - Sync 1 DAGs
[2024-03-09T05:00:27.762+0000] {logging_mixin.py:188} INFO - [2024-03-09T05:00:27.761+0000] {dag.py:3834} INFO - Setting next_dagrun for DAG_1 to 2024-03-17 00:00:00+00:00, run_after=2024-03-24 00:00:00+00:00
[2024-03-09T05:00:27.789+0000] {processor.py:183} INFO - Processing /opt/airflow/dags/First_dag.py took 0.122 seconds
[2024-03-09T05:00:58.075+0000] {processor.py:161} INFO - Started process (PID=328) to work on /opt/airflow/dags/First_dag.py
[2024-03-09T05:00:58.076+0000] {processor.py:830} INFO - Processing file /opt/airflow/dags/First_dag.py for tasks to queue
[2024-03-09T05:00:58.078+0000] {logging_mixin.py:188} INFO - [2024-03-09T05:00:58.078+0000] {dagbag.py:540} INFO - Filling up the DagBag from /opt/airflow/dags/First_dag.py
[2024-03-09T05:00:58.114+0000] {processor.py:840} INFO - DAG(s) 'DAG_1' retrieved from /opt/airflow/dags/First_dag.py
[2024-03-09T05:00:58.322+0000] {logging_mixin.py:188} INFO - [2024-03-09T05:00:58.321+0000] {dag.py:3047} INFO - Sync 1 DAGs
[2024-03-09T05:00:58.368+0000] {logging_mixin.py:188} INFO - [2024-03-09T05:00:58.368+0000] {dag.py:3834} INFO - Setting next_dagrun for DAG_1 to 2024-03-17 00:00:00+00:00, run_after=2024-03-24 00:00:00+00:00
[2024-03-09T05:00:58.410+0000] {processor.py:183} INFO - Processing /opt/airflow/dags/First_dag.py took 0.344 seconds
[2024-03-09T05:01:28.769+0000] {processor.py:161} INFO - Started process (PID=385) to work on /opt/airflow/dags/First_dag.py
[2024-03-09T05:01:28.771+0000] {processor.py:830} INFO - Processing file /opt/airflow/dags/First_dag.py for tasks to queue
[2024-03-09T05:01:28.773+0000] {logging_mixin.py:188} INFO - [2024-03-09T05:01:28.772+0000] {dagbag.py:540} INFO - Filling up the DagBag from /opt/airflow/dags/First_dag.py
[2024-03-09T05:01:28.810+0000] {processor.py:840} INFO - DAG(s) 'DAG_1' retrieved from /opt/airflow/dags/First_dag.py
[2024-03-09T05:01:28.844+0000] {logging_mixin.py:188} INFO - [2024-03-09T05:01:28.843+0000] {dag.py:3047} INFO - Sync 1 DAGs
[2024-03-09T05:01:28.884+0000] {logging_mixin.py:188} INFO - [2024-03-09T05:01:28.884+0000] {dag.py:3834} INFO - Setting next_dagrun for DAG_1 to 2024-03-17 00:00:00+00:00, run_after=2024-03-24 00:00:00+00:00
[2024-03-09T05:01:28.920+0000] {processor.py:183} INFO - Processing /opt/airflow/dags/First_dag.py took 0.157 seconds
[2024-03-09T05:01:59.049+0000] {processor.py:161} INFO - Started process (PID=442) to work on /opt/airflow/dags/First_dag.py
[2024-03-09T05:01:59.052+0000] {processor.py:830} INFO - Processing file /opt/airflow/dags/First_dag.py for tasks to queue
[2024-03-09T05:01:59.055+0000] {logging_mixin.py:188} INFO - [2024-03-09T05:01:59.054+0000] {dagbag.py:540} INFO - Filling up the DagBag from /opt/airflow/dags/First_dag.py
[2024-03-09T05:01:59.098+0000] {processor.py:840} INFO - DAG(s) 'DAG_1' retrieved from /opt/airflow/dags/First_dag.py
[2024-03-09T05:01:59.363+0000] {logging_mixin.py:188} INFO - [2024-03-09T05:01:59.363+0000] {dag.py:3047} INFO - Sync 1 DAGs
[2024-03-09T05:01:59.408+0000] {logging_mixin.py:188} INFO - [2024-03-09T05:01:59.407+0000] {dag.py:3834} INFO - Setting next_dagrun for DAG_1 to 2024-03-17 00:00:00+00:00, run_after=2024-03-24 00:00:00+00:00
[2024-03-09T05:01:59.456+0000] {processor.py:183} INFO - Processing /opt/airflow/dags/First_dag.py took 0.415 seconds
[2024-03-09T05:02:29.717+0000] {processor.py:161} INFO - Started process (PID=499) to work on /opt/airflow/dags/First_dag.py
[2024-03-09T05:02:29.718+0000] {processor.py:830} INFO - Processing file /opt/airflow/dags/First_dag.py for tasks to queue
[2024-03-09T05:02:29.720+0000] {logging_mixin.py:188} INFO - [2024-03-09T05:02:29.719+0000] {dagbag.py:540} INFO - Filling up the DagBag from /opt/airflow/dags/First_dag.py
[2024-03-09T05:02:29.748+0000] {processor.py:840} INFO - DAG(s) 'DAG_1' retrieved from /opt/airflow/dags/First_dag.py
[2024-03-09T05:02:29.775+0000] {logging_mixin.py:188} INFO - [2024-03-09T05:02:29.774+0000] {dag.py:3047} INFO - Sync 1 DAGs
[2024-03-09T05:02:29.807+0000] {logging_mixin.py:188} INFO - [2024-03-09T05:02:29.807+0000] {dag.py:3834} INFO - Setting next_dagrun for DAG_1 to 2024-03-17 00:00:00+00:00, run_after=2024-03-24 00:00:00+00:00
[2024-03-09T05:02:29.836+0000] {processor.py:183} INFO - Processing /opt/airflow/dags/First_dag.py took 0.123 seconds
[2024-03-09T05:02:59.952+0000] {processor.py:161} INFO - Started process (PID=556) to work on /opt/airflow/dags/First_dag.py
[2024-03-09T05:02:59.954+0000] {processor.py:830} INFO - Processing file /opt/airflow/dags/First_dag.py for tasks to queue
[2024-03-09T05:02:59.956+0000] {logging_mixin.py:188} INFO - [2024-03-09T05:02:59.956+0000] {dagbag.py:540} INFO - Filling up the DagBag from /opt/airflow/dags/First_dag.py
[2024-03-09T05:02:59.999+0000] {processor.py:840} INFO - DAG(s) 'DAG_1' retrieved from /opt/airflow/dags/First_dag.py
[2024-03-09T05:03:00.052+0000] {logging_mixin.py:188} INFO - [2024-03-09T05:03:00.052+0000] {dag.py:3047} INFO - Sync 1 DAGs
[2024-03-09T05:03:00.109+0000] {logging_mixin.py:188} INFO - [2024-03-09T05:03:00.109+0000] {dag.py:3834} INFO - Setting next_dagrun for DAG_1 to 2024-03-17 00:00:00+00:00, run_after=2024-03-24 00:00:00+00:00
[2024-03-09T05:03:00.159+0000] {processor.py:183} INFO - Processing /opt/airflow/dags/First_dag.py took 0.213 seconds
[2024-03-09T05:03:30.382+0000] {processor.py:161} INFO - Started process (PID=613) to work on /opt/airflow/dags/First_dag.py
[2024-03-09T05:03:30.384+0000] {processor.py:830} INFO - Processing file /opt/airflow/dags/First_dag.py for tasks to queue
[2024-03-09T05:03:30.386+0000] {logging_mixin.py:188} INFO - [2024-03-09T05:03:30.386+0000] {dagbag.py:540} INFO - Filling up the DagBag from /opt/airflow/dags/First_dag.py
[2024-03-09T05:03:30.439+0000] {processor.py:840} INFO - DAG(s) 'DAG_1' retrieved from /opt/airflow/dags/First_dag.py
[2024-03-09T05:03:30.682+0000] {logging_mixin.py:188} INFO - [2024-03-09T05:03:30.681+0000] {dag.py:3047} INFO - Sync 1 DAGs
[2024-03-09T05:03:30.724+0000] {logging_mixin.py:188} INFO - [2024-03-09T05:03:30.723+0000] {dag.py:3834} INFO - Setting next_dagrun for DAG_1 to 2024-03-17 00:00:00+00:00, run_after=2024-03-24 00:00:00+00:00
[2024-03-09T05:03:30.768+0000] {processor.py:183} INFO - Processing /opt/airflow/dags/First_dag.py took 0.393 seconds
[2024-03-09T05:04:01.140+0000] {processor.py:161} INFO - Started process (PID=670) to work on /opt/airflow/dags/First_dag.py
[2024-03-09T05:04:01.142+0000] {processor.py:830} INFO - Processing file /opt/airflow/dags/First_dag.py for tasks to queue
[2024-03-09T05:04:01.144+0000] {logging_mixin.py:188} INFO - [2024-03-09T05:04:01.144+0000] {dagbag.py:540} INFO - Filling up the DagBag from /opt/airflow/dags/First_dag.py
[2024-03-09T05:04:01.178+0000] {processor.py:840} INFO - DAG(s) 'DAG_1' retrieved from /opt/airflow/dags/First_dag.py
[2024-03-09T05:04:01.213+0000] {logging_mixin.py:188} INFO - [2024-03-09T05:04:01.212+0000] {dag.py:3047} INFO - Sync 1 DAGs
[2024-03-09T05:04:01.251+0000] {logging_mixin.py:188} INFO - [2024-03-09T05:04:01.251+0000] {dag.py:3834} INFO - Setting next_dagrun for DAG_1 to 2024-03-17 00:00:00+00:00, run_after=2024-03-24 00:00:00+00:00
[2024-03-09T05:04:01.287+0000] {processor.py:183} INFO - Processing /opt/airflow/dags/First_dag.py took 0.153 seconds
[2024-03-09T05:04:31.700+0000] {processor.py:161} INFO - Started process (PID=727) to work on /opt/airflow/dags/First_dag.py
[2024-03-09T05:04:31.701+0000] {processor.py:830} INFO - Processing file /opt/airflow/dags/First_dag.py for tasks to queue
[2024-03-09T05:04:31.702+0000] {logging_mixin.py:188} INFO - [2024-03-09T05:04:31.702+0000] {dagbag.py:540} INFO - Filling up the DagBag from /opt/airflow/dags/First_dag.py
[2024-03-09T05:04:31.725+0000] {processor.py:840} INFO - DAG(s) 'DAG_1' retrieved from /opt/airflow/dags/First_dag.py
[2024-03-09T05:04:31.745+0000] {logging_mixin.py:188} INFO - [2024-03-09T05:04:31.744+0000] {dag.py:3047} INFO - Sync 1 DAGs
[2024-03-09T05:04:31.768+0000] {logging_mixin.py:188} INFO - [2024-03-09T05:04:31.768+0000] {dag.py:3834} INFO - Setting next_dagrun for DAG_1 to 2024-03-17 00:00:00+00:00, run_after=2024-03-24 00:00:00+00:00
[2024-03-09T05:04:31.792+0000] {processor.py:183} INFO - Processing /opt/airflow/dags/First_dag.py took 0.096 seconds
[2024-03-09T05:05:02.226+0000] {processor.py:161} INFO - Started process (PID=784) to work on /opt/airflow/dags/First_dag.py
[2024-03-09T05:05:02.228+0000] {processor.py:830} INFO - Processing file /opt/airflow/dags/First_dag.py for tasks to queue
[2024-03-09T05:05:02.230+0000] {logging_mixin.py:188} INFO - [2024-03-09T05:05:02.230+0000] {dagbag.py:540} INFO - Filling up the DagBag from /opt/airflow/dags/First_dag.py
[2024-03-09T05:05:02.259+0000] {processor.py:840} INFO - DAG(s) 'DAG_1' retrieved from /opt/airflow/dags/First_dag.py
[2024-03-09T05:05:02.289+0000] {logging_mixin.py:188} INFO - [2024-03-09T05:05:02.289+0000] {dag.py:3047} INFO - Sync 1 DAGs
[2024-03-09T05:05:02.336+0000] {logging_mixin.py:188} INFO - [2024-03-09T05:05:02.336+0000] {dag.py:3834} INFO - Setting next_dagrun for DAG_1 to 2024-03-17 00:00:00+00:00, run_after=2024-03-24 00:00:00+00:00
[2024-03-09T05:05:02.373+0000] {processor.py:183} INFO - Processing /opt/airflow/dags/First_dag.py took 0.151 seconds
[2024-03-09T05:06:20.186+0000] {processor.py:161} INFO - Started process (PID=42) to work on /opt/airflow/dags/First_dag.py
[2024-03-09T05:06:20.190+0000] {processor.py:830} INFO - Processing file /opt/airflow/dags/First_dag.py for tasks to queue
[2024-03-09T05:06:20.195+0000] {logging_mixin.py:188} INFO - [2024-03-09T05:06:20.194+0000] {dagbag.py:540} INFO - Filling up the DagBag from /opt/airflow/dags/First_dag.py
[2024-03-09T05:06:20.269+0000] {processor.py:840} INFO - DAG(s) 'DAG_1' retrieved from /opt/airflow/dags/First_dag.py
[2024-03-09T05:06:20.642+0000] {logging_mixin.py:188} INFO - [2024-03-09T05:06:20.641+0000] {dag.py:3047} INFO - Sync 1 DAGs
[2024-03-09T05:06:20.679+0000] {logging_mixin.py:188} INFO - [2024-03-09T05:06:20.678+0000] {dag.py:3834} INFO - Setting next_dagrun for DAG_1 to 2024-03-17 00:00:00+00:00, run_after=2024-03-24 00:00:00+00:00
[2024-03-09T05:06:20.717+0000] {processor.py:183} INFO - Processing /opt/airflow/dags/First_dag.py took 0.541 seconds
[2024-03-09T05:06:51.164+0000] {processor.py:161} INFO - Started process (PID=99) to work on /opt/airflow/dags/First_dag.py
[2024-03-09T05:06:51.165+0000] {processor.py:830} INFO - Processing file /opt/airflow/dags/First_dag.py for tasks to queue
[2024-03-09T05:06:51.170+0000] {logging_mixin.py:188} INFO - [2024-03-09T05:06:51.169+0000] {dagbag.py:540} INFO - Filling up the DagBag from /opt/airflow/dags/First_dag.py
[2024-03-09T05:06:51.196+0000] {processor.py:840} INFO - DAG(s) 'DAG_1' retrieved from /opt/airflow/dags/First_dag.py
[2024-03-09T05:06:51.224+0000] {logging_mixin.py:188} INFO - [2024-03-09T05:06:51.224+0000] {dag.py:3047} INFO - Sync 1 DAGs
[2024-03-09T05:06:51.253+0000] {logging_mixin.py:188} INFO - [2024-03-09T05:06:51.253+0000] {dag.py:3834} INFO - Setting next_dagrun for DAG_1 to 2024-03-17 00:00:00+00:00, run_after=2024-03-24 00:00:00+00:00
[2024-03-09T05:06:51.281+0000] {processor.py:183} INFO - Processing /opt/airflow/dags/First_dag.py took 0.122 seconds
[2024-03-09T05:07:21.529+0000] {processor.py:161} INFO - Started process (PID=156) to work on /opt/airflow/dags/First_dag.py
[2024-03-09T05:07:21.530+0000] {processor.py:830} INFO - Processing file /opt/airflow/dags/First_dag.py for tasks to queue
[2024-03-09T05:07:21.534+0000] {logging_mixin.py:188} INFO - [2024-03-09T05:07:21.533+0000] {dagbag.py:540} INFO - Filling up the DagBag from /opt/airflow/dags/First_dag.py
[2024-03-09T05:07:21.562+0000] {processor.py:840} INFO - DAG(s) 'DAG_1' retrieved from /opt/airflow/dags/First_dag.py
[2024-03-09T05:07:21.586+0000] {logging_mixin.py:188} INFO - [2024-03-09T05:07:21.586+0000] {dag.py:3047} INFO - Sync 1 DAGs
[2024-03-09T05:07:21.613+0000] {logging_mixin.py:188} INFO - [2024-03-09T05:07:21.613+0000] {dag.py:3834} INFO - Setting next_dagrun for DAG_1 to 2024-03-17 00:00:00+00:00, run_after=2024-03-24 00:00:00+00:00
[2024-03-09T05:07:21.639+0000] {processor.py:183} INFO - Processing /opt/airflow/dags/First_dag.py took 0.115 seconds
[2024-03-09T05:07:51.741+0000] {processor.py:161} INFO - Started process (PID=213) to work on /opt/airflow/dags/First_dag.py
[2024-03-09T05:07:51.743+0000] {processor.py:830} INFO - Processing file /opt/airflow/dags/First_dag.py for tasks to queue
[2024-03-09T05:07:51.745+0000] {logging_mixin.py:188} INFO - [2024-03-09T05:07:51.745+0000] {dagbag.py:540} INFO - Filling up the DagBag from /opt/airflow/dags/First_dag.py
[2024-03-09T05:07:51.770+0000] {processor.py:840} INFO - DAG(s) 'DAG_1' retrieved from /opt/airflow/dags/First_dag.py
[2024-03-09T05:07:51.792+0000] {logging_mixin.py:188} INFO - [2024-03-09T05:07:51.792+0000] {dag.py:3047} INFO - Sync 1 DAGs
[2024-03-09T05:07:51.818+0000] {logging_mixin.py:188} INFO - [2024-03-09T05:07:51.818+0000] {dag.py:3834} INFO - Setting next_dagrun for DAG_1 to 2024-03-17 00:00:00+00:00, run_after=2024-03-24 00:00:00+00:00
[2024-03-09T05:07:51.840+0000] {processor.py:183} INFO - Processing /opt/airflow/dags/First_dag.py took 0.102 seconds
[2024-03-09T05:08:21.882+0000] {processor.py:161} INFO - Started process (PID=270) to work on /opt/airflow/dags/First_dag.py
[2024-03-09T05:08:21.883+0000] {processor.py:830} INFO - Processing file /opt/airflow/dags/First_dag.py for tasks to queue
[2024-03-09T05:08:21.885+0000] {logging_mixin.py:188} INFO - [2024-03-09T05:08:21.885+0000] {dagbag.py:540} INFO - Filling up the DagBag from /opt/airflow/dags/First_dag.py
[2024-03-09T05:08:21.905+0000] {processor.py:840} INFO - DAG(s) 'DAG_1' retrieved from /opt/airflow/dags/First_dag.py
[2024-03-09T05:08:21.924+0000] {logging_mixin.py:188} INFO - [2024-03-09T05:08:21.924+0000] {dag.py:3047} INFO - Sync 1 DAGs
[2024-03-09T05:08:21.946+0000] {logging_mixin.py:188} INFO - [2024-03-09T05:08:21.946+0000] {dag.py:3834} INFO - Setting next_dagrun for DAG_1 to 2024-03-17 00:00:00+00:00, run_after=2024-03-24 00:00:00+00:00
[2024-03-09T05:08:21.975+0000] {processor.py:183} INFO - Processing /opt/airflow/dags/First_dag.py took 0.097 seconds
[2024-03-09T05:08:52.064+0000] {processor.py:161} INFO - Started process (PID=327) to work on /opt/airflow/dags/First_dag.py
[2024-03-09T05:08:52.065+0000] {processor.py:830} INFO - Processing file /opt/airflow/dags/First_dag.py for tasks to queue
[2024-03-09T05:08:52.066+0000] {logging_mixin.py:188} INFO - [2024-03-09T05:08:52.066+0000] {dagbag.py:540} INFO - Filling up the DagBag from /opt/airflow/dags/First_dag.py
[2024-03-09T05:08:52.092+0000] {processor.py:840} INFO - DAG(s) 'DAG_1' retrieved from /opt/airflow/dags/First_dag.py
[2024-03-09T05:08:52.111+0000] {logging_mixin.py:188} INFO - [2024-03-09T05:08:52.111+0000] {dag.py:3047} INFO - Sync 1 DAGs
[2024-03-09T05:08:52.135+0000] {logging_mixin.py:188} INFO - [2024-03-09T05:08:52.135+0000] {dag.py:3834} INFO - Setting next_dagrun for DAG_1 to 2024-03-17 00:00:00+00:00, run_after=2024-03-24 00:00:00+00:00
[2024-03-09T05:08:52.157+0000] {processor.py:183} INFO - Processing /opt/airflow/dags/First_dag.py took 0.096 seconds
[2024-03-09T05:09:22.414+0000] {processor.py:161} INFO - Started process (PID=384) to work on /opt/airflow/dags/First_dag.py
[2024-03-09T05:09:22.415+0000] {processor.py:830} INFO - Processing file /opt/airflow/dags/First_dag.py for tasks to queue
[2024-03-09T05:09:22.419+0000] {logging_mixin.py:188} INFO - [2024-03-09T05:09:22.418+0000] {dagbag.py:540} INFO - Filling up the DagBag from /opt/airflow/dags/First_dag.py
[2024-03-09T05:09:22.445+0000] {processor.py:840} INFO - DAG(s) 'DAG_1' retrieved from /opt/airflow/dags/First_dag.py
[2024-03-09T05:09:22.468+0000] {logging_mixin.py:188} INFO - [2024-03-09T05:09:22.468+0000] {dag.py:3047} INFO - Sync 1 DAGs
[2024-03-09T05:09:22.490+0000] {logging_mixin.py:188} INFO - [2024-03-09T05:09:22.490+0000] {dag.py:3834} INFO - Setting next_dagrun for DAG_1 to 2024-03-17 00:00:00+00:00, run_after=2024-03-24 00:00:00+00:00
[2024-03-09T05:09:22.511+0000] {processor.py:183} INFO - Processing /opt/airflow/dags/First_dag.py took 0.102 seconds
[2024-03-09T05:09:52.619+0000] {processor.py:161} INFO - Started process (PID=441) to work on /opt/airflow/dags/First_dag.py
[2024-03-09T05:09:52.620+0000] {processor.py:830} INFO - Processing file /opt/airflow/dags/First_dag.py for tasks to queue
[2024-03-09T05:09:52.622+0000] {logging_mixin.py:188} INFO - [2024-03-09T05:09:52.622+0000] {dagbag.py:540} INFO - Filling up the DagBag from /opt/airflow/dags/First_dag.py
[2024-03-09T05:09:52.654+0000] {processor.py:840} INFO - DAG(s) 'DAG_1' retrieved from /opt/airflow/dags/First_dag.py
[2024-03-09T05:09:52.680+0000] {logging_mixin.py:188} INFO - [2024-03-09T05:09:52.679+0000] {dag.py:3047} INFO - Sync 1 DAGs
[2024-03-09T05:09:52.703+0000] {logging_mixin.py:188} INFO - [2024-03-09T05:09:52.703+0000] {dag.py:3834} INFO - Setting next_dagrun for DAG_1 to 2024-03-17 00:00:00+00:00, run_after=2024-03-24 00:00:00+00:00
[2024-03-09T05:09:52.727+0000] {processor.py:183} INFO - Processing /opt/airflow/dags/First_dag.py took 0.113 seconds
[2024-03-09T05:10:22.963+0000] {processor.py:161} INFO - Started process (PID=498) to work on /opt/airflow/dags/First_dag.py
[2024-03-09T05:10:22.964+0000] {processor.py:830} INFO - Processing file /opt/airflow/dags/First_dag.py for tasks to queue
[2024-03-09T05:10:22.966+0000] {logging_mixin.py:188} INFO - [2024-03-09T05:10:22.966+0000] {dagbag.py:540} INFO - Filling up the DagBag from /opt/airflow/dags/First_dag.py
[2024-03-09T05:10:22.989+0000] {processor.py:840} INFO - DAG(s) 'DAG_1' retrieved from /opt/airflow/dags/First_dag.py
[2024-03-09T05:10:23.008+0000] {logging_mixin.py:188} INFO - [2024-03-09T05:10:23.008+0000] {dag.py:3047} INFO - Sync 1 DAGs
[2024-03-09T05:10:23.030+0000] {logging_mixin.py:188} INFO - [2024-03-09T05:10:23.029+0000] {dag.py:3834} INFO - Setting next_dagrun for DAG_1 to 2024-03-17 00:00:00+00:00, run_after=2024-03-24 00:00:00+00:00
[2024-03-09T05:10:23.050+0000] {processor.py:183} INFO - Processing /opt/airflow/dags/First_dag.py took 0.091 seconds
[2024-03-09T05:10:53.175+0000] {processor.py:161} INFO - Started process (PID=555) to work on /opt/airflow/dags/First_dag.py
[2024-03-09T05:10:53.176+0000] {processor.py:830} INFO - Processing file /opt/airflow/dags/First_dag.py for tasks to queue
[2024-03-09T05:10:53.179+0000] {logging_mixin.py:188} INFO - [2024-03-09T05:10:53.178+0000] {dagbag.py:540} INFO - Filling up the DagBag from /opt/airflow/dags/First_dag.py
[2024-03-09T05:10:53.208+0000] {processor.py:840} INFO - DAG(s) 'DAG_1' retrieved from /opt/airflow/dags/First_dag.py
[2024-03-09T05:10:53.230+0000] {logging_mixin.py:188} INFO - [2024-03-09T05:10:53.230+0000] {dag.py:3047} INFO - Sync 1 DAGs
[2024-03-09T05:10:53.254+0000] {logging_mixin.py:188} INFO - [2024-03-09T05:10:53.254+0000] {dag.py:3834} INFO - Setting next_dagrun for DAG_1 to 2024-03-17 00:00:00+00:00, run_after=2024-03-24 00:00:00+00:00
[2024-03-09T05:10:53.275+0000] {processor.py:183} INFO - Processing /opt/airflow/dags/First_dag.py took 0.104 seconds
[2024-03-09T05:11:23.471+0000] {processor.py:161} INFO - Started process (PID=612) to work on /opt/airflow/dags/First_dag.py
[2024-03-09T05:11:23.472+0000] {processor.py:830} INFO - Processing file /opt/airflow/dags/First_dag.py for tasks to queue
[2024-03-09T05:11:23.474+0000] {logging_mixin.py:188} INFO - [2024-03-09T05:11:23.474+0000] {dagbag.py:540} INFO - Filling up the DagBag from /opt/airflow/dags/First_dag.py
[2024-03-09T05:11:23.506+0000] {processor.py:840} INFO - DAG(s) 'DAG_1' retrieved from /opt/airflow/dags/First_dag.py
[2024-03-09T05:11:23.527+0000] {logging_mixin.py:188} INFO - [2024-03-09T05:11:23.527+0000] {dag.py:3047} INFO - Sync 1 DAGs
[2024-03-09T05:11:23.549+0000] {logging_mixin.py:188} INFO - [2024-03-09T05:11:23.549+0000] {dag.py:3834} INFO - Setting next_dagrun for DAG_1 to 2024-03-17 00:00:00+00:00, run_after=2024-03-24 00:00:00+00:00
[2024-03-09T05:11:23.574+0000] {processor.py:183} INFO - Processing /opt/airflow/dags/First_dag.py took 0.107 seconds
[2024-03-09T05:11:53.619+0000] {processor.py:161} INFO - Started process (PID=669) to work on /opt/airflow/dags/First_dag.py
[2024-03-09T05:11:53.620+0000] {processor.py:830} INFO - Processing file /opt/airflow/dags/First_dag.py for tasks to queue
[2024-03-09T05:11:53.622+0000] {logging_mixin.py:188} INFO - [2024-03-09T05:11:53.622+0000] {dagbag.py:540} INFO - Filling up the DagBag from /opt/airflow/dags/First_dag.py
[2024-03-09T05:11:53.647+0000] {processor.py:840} INFO - DAG(s) 'DAG_1' retrieved from /opt/airflow/dags/First_dag.py
[2024-03-09T05:11:53.667+0000] {logging_mixin.py:188} INFO - [2024-03-09T05:11:53.667+0000] {dag.py:3047} INFO - Sync 1 DAGs
[2024-03-09T05:11:53.690+0000] {logging_mixin.py:188} INFO - [2024-03-09T05:11:53.690+0000] {dag.py:3834} INFO - Setting next_dagrun for DAG_1 to 2024-03-17 00:00:00+00:00, run_after=2024-03-24 00:00:00+00:00
[2024-03-09T05:11:53.711+0000] {processor.py:183} INFO - Processing /opt/airflow/dags/First_dag.py took 0.095 seconds
[2024-03-09T05:12:23.914+0000] {processor.py:161} INFO - Started process (PID=726) to work on /opt/airflow/dags/First_dag.py
[2024-03-09T05:12:23.915+0000] {processor.py:830} INFO - Processing file /opt/airflow/dags/First_dag.py for tasks to queue
[2024-03-09T05:12:23.918+0000] {logging_mixin.py:188} INFO - [2024-03-09T05:12:23.918+0000] {dagbag.py:540} INFO - Filling up the DagBag from /opt/airflow/dags/First_dag.py
[2024-03-09T05:12:23.947+0000] {processor.py:840} INFO - DAG(s) 'DAG_1' retrieved from /opt/airflow/dags/First_dag.py
[2024-03-09T05:12:23.970+0000] {logging_mixin.py:188} INFO - [2024-03-09T05:12:23.970+0000] {dag.py:3047} INFO - Sync 1 DAGs
[2024-03-09T05:12:23.990+0000] {logging_mixin.py:188} INFO - [2024-03-09T05:12:23.990+0000] {dag.py:3834} INFO - Setting next_dagrun for DAG_1 to 2024-03-17 00:00:00+00:00, run_after=2024-03-24 00:00:00+00:00
[2024-03-09T05:12:24.009+0000] {processor.py:183} INFO - Processing /opt/airflow/dags/First_dag.py took 0.099 seconds
[2024-03-09T05:12:54.344+0000] {processor.py:161} INFO - Started process (PID=783) to work on /opt/airflow/dags/First_dag.py
[2024-03-09T05:12:54.346+0000] {processor.py:830} INFO - Processing file /opt/airflow/dags/First_dag.py for tasks to queue
[2024-03-09T05:12:54.350+0000] {logging_mixin.py:188} INFO - [2024-03-09T05:12:54.349+0000] {dagbag.py:540} INFO - Filling up the DagBag from /opt/airflow/dags/First_dag.py
[2024-03-09T05:12:54.377+0000] {processor.py:840} INFO - DAG(s) 'DAG_1' retrieved from /opt/airflow/dags/First_dag.py
[2024-03-09T05:12:54.397+0000] {logging_mixin.py:188} INFO - [2024-03-09T05:12:54.396+0000] {dag.py:3047} INFO - Sync 1 DAGs
[2024-03-09T05:12:54.423+0000] {logging_mixin.py:188} INFO - [2024-03-09T05:12:54.423+0000] {dag.py:3834} INFO - Setting next_dagrun for DAG_1 to 2024-03-17 00:00:00+00:00, run_after=2024-03-24 00:00:00+00:00
[2024-03-09T05:12:54.443+0000] {processor.py:183} INFO - Processing /opt/airflow/dags/First_dag.py took 0.104 seconds
[2024-03-09T05:13:24.671+0000] {processor.py:161} INFO - Started process (PID=840) to work on /opt/airflow/dags/First_dag.py
[2024-03-09T05:13:24.672+0000] {processor.py:830} INFO - Processing file /opt/airflow/dags/First_dag.py for tasks to queue
[2024-03-09T05:13:24.674+0000] {logging_mixin.py:188} INFO - [2024-03-09T05:13:24.673+0000] {dagbag.py:540} INFO - Filling up the DagBag from /opt/airflow/dags/First_dag.py
[2024-03-09T05:13:24.696+0000] {processor.py:840} INFO - DAG(s) 'DAG_1' retrieved from /opt/airflow/dags/First_dag.py
[2024-03-09T05:13:24.716+0000] {logging_mixin.py:188} INFO - [2024-03-09T05:13:24.716+0000] {dag.py:3047} INFO - Sync 1 DAGs
[2024-03-09T05:13:24.740+0000] {logging_mixin.py:188} INFO - [2024-03-09T05:13:24.740+0000] {dag.py:3834} INFO - Setting next_dagrun for DAG_1 to 2024-03-17 00:00:00+00:00, run_after=2024-03-24 00:00:00+00:00
[2024-03-09T05:13:24.762+0000] {processor.py:183} INFO - Processing /opt/airflow/dags/First_dag.py took 0.095 seconds
[2024-03-09T05:13:55.027+0000] {processor.py:161} INFO - Started process (PID=897) to work on /opt/airflow/dags/First_dag.py
[2024-03-09T05:13:55.028+0000] {processor.py:830} INFO - Processing file /opt/airflow/dags/First_dag.py for tasks to queue
[2024-03-09T05:13:55.029+0000] {logging_mixin.py:188} INFO - [2024-03-09T05:13:55.029+0000] {dagbag.py:540} INFO - Filling up the DagBag from /opt/airflow/dags/First_dag.py
[2024-03-09T05:13:55.050+0000] {processor.py:840} INFO - DAG(s) 'DAG_1' retrieved from /opt/airflow/dags/First_dag.py
[2024-03-09T05:13:55.070+0000] {logging_mixin.py:188} INFO - [2024-03-09T05:13:55.069+0000] {dag.py:3047} INFO - Sync 1 DAGs
[2024-03-09T05:13:55.094+0000] {logging_mixin.py:188} INFO - [2024-03-09T05:13:55.094+0000] {dag.py:3834} INFO - Setting next_dagrun for DAG_1 to 2024-03-17 00:00:00+00:00, run_after=2024-03-24 00:00:00+00:00
[2024-03-09T05:13:55.119+0000] {processor.py:183} INFO - Processing /opt/airflow/dags/First_dag.py took 0.096 seconds
[2024-03-09T05:14:25.579+0000] {processor.py:161} INFO - Started process (PID=954) to work on /opt/airflow/dags/First_dag.py
[2024-03-09T05:14:25.580+0000] {processor.py:830} INFO - Processing file /opt/airflow/dags/First_dag.py for tasks to queue
[2024-03-09T05:14:25.582+0000] {logging_mixin.py:188} INFO - [2024-03-09T05:14:25.582+0000] {dagbag.py:540} INFO - Filling up the DagBag from /opt/airflow/dags/First_dag.py
[2024-03-09T05:14:25.606+0000] {processor.py:840} INFO - DAG(s) 'DAG_1' retrieved from /opt/airflow/dags/First_dag.py
[2024-03-09T05:14:25.625+0000] {logging_mixin.py:188} INFO - [2024-03-09T05:14:25.625+0000] {dag.py:3047} INFO - Sync 1 DAGs
[2024-03-09T05:14:25.647+0000] {logging_mixin.py:188} INFO - [2024-03-09T05:14:25.647+0000] {dag.py:3834} INFO - Setting next_dagrun for DAG_1 to 2024-03-17 00:00:00+00:00, run_after=2024-03-24 00:00:00+00:00
[2024-03-09T05:14:25.669+0000] {processor.py:183} INFO - Processing /opt/airflow/dags/First_dag.py took 0.093 seconds
[2024-03-09T05:14:56.253+0000] {processor.py:161} INFO - Started process (PID=1011) to work on /opt/airflow/dags/First_dag.py
[2024-03-09T05:14:56.255+0000] {processor.py:830} INFO - Processing file /opt/airflow/dags/First_dag.py for tasks to queue
[2024-03-09T05:14:56.256+0000] {logging_mixin.py:188} INFO - [2024-03-09T05:14:56.256+0000] {dagbag.py:540} INFO - Filling up the DagBag from /opt/airflow/dags/First_dag.py
[2024-03-09T05:14:56.278+0000] {processor.py:840} INFO - DAG(s) 'DAG_1' retrieved from /opt/airflow/dags/First_dag.py
[2024-03-09T05:14:56.297+0000] {logging_mixin.py:188} INFO - [2024-03-09T05:14:56.297+0000] {dag.py:3047} INFO - Sync 1 DAGs
[2024-03-09T05:14:56.322+0000] {logging_mixin.py:188} INFO - [2024-03-09T05:14:56.322+0000] {dag.py:3834} INFO - Setting next_dagrun for DAG_1 to 2024-03-17 00:00:00+00:00, run_after=2024-03-24 00:00:00+00:00
[2024-03-09T05:14:56.341+0000] {processor.py:183} INFO - Processing /opt/airflow/dags/First_dag.py took 0.091 seconds
[2024-03-09T05:15:27.025+0000] {processor.py:161} INFO - Started process (PID=1068) to work on /opt/airflow/dags/First_dag.py
[2024-03-09T05:15:27.026+0000] {processor.py:830} INFO - Processing file /opt/airflow/dags/First_dag.py for tasks to queue
[2024-03-09T05:15:27.028+0000] {logging_mixin.py:188} INFO - [2024-03-09T05:15:27.028+0000] {dagbag.py:540} INFO - Filling up the DagBag from /opt/airflow/dags/First_dag.py
[2024-03-09T05:15:27.052+0000] {processor.py:840} INFO - DAG(s) 'DAG_1' retrieved from /opt/airflow/dags/First_dag.py
[2024-03-09T05:15:27.069+0000] {logging_mixin.py:188} INFO - [2024-03-09T05:15:27.069+0000] {dag.py:3047} INFO - Sync 1 DAGs
[2024-03-09T05:15:27.090+0000] {logging_mixin.py:188} INFO - [2024-03-09T05:15:27.089+0000] {dag.py:3834} INFO - Setting next_dagrun for DAG_1 to 2024-03-17 00:00:00+00:00, run_after=2024-03-24 00:00:00+00:00
[2024-03-09T05:15:27.108+0000] {processor.py:183} INFO - Processing /opt/airflow/dags/First_dag.py took 0.086 seconds
[2024-03-09T05:15:57.207+0000] {processor.py:161} INFO - Started process (PID=1125) to work on /opt/airflow/dags/First_dag.py
[2024-03-09T05:15:57.209+0000] {processor.py:830} INFO - Processing file /opt/airflow/dags/First_dag.py for tasks to queue
[2024-03-09T05:15:57.211+0000] {logging_mixin.py:188} INFO - [2024-03-09T05:15:57.211+0000] {dagbag.py:540} INFO - Filling up the DagBag from /opt/airflow/dags/First_dag.py
[2024-03-09T05:15:57.234+0000] {processor.py:840} INFO - DAG(s) 'DAG_1' retrieved from /opt/airflow/dags/First_dag.py
[2024-03-09T05:15:57.251+0000] {logging_mixin.py:188} INFO - [2024-03-09T05:15:57.251+0000] {dag.py:3047} INFO - Sync 1 DAGs
[2024-03-09T05:15:57.271+0000] {logging_mixin.py:188} INFO - [2024-03-09T05:15:57.271+0000] {dag.py:3834} INFO - Setting next_dagrun for DAG_1 to 2024-03-17 00:00:00+00:00, run_after=2024-03-24 00:00:00+00:00
[2024-03-09T05:15:57.291+0000] {processor.py:183} INFO - Processing /opt/airflow/dags/First_dag.py took 0.089 seconds
[2024-03-09T05:16:27.648+0000] {processor.py:161} INFO - Started process (PID=1182) to work on /opt/airflow/dags/First_dag.py
[2024-03-09T05:16:27.649+0000] {processor.py:830} INFO - Processing file /opt/airflow/dags/First_dag.py for tasks to queue
[2024-03-09T05:16:27.650+0000] {logging_mixin.py:188} INFO - [2024-03-09T05:16:27.650+0000] {dagbag.py:540} INFO - Filling up the DagBag from /opt/airflow/dags/First_dag.py
[2024-03-09T05:16:27.677+0000] {processor.py:840} INFO - DAG(s) 'DAG_1' retrieved from /opt/airflow/dags/First_dag.py
[2024-03-09T05:16:27.695+0000] {logging_mixin.py:188} INFO - [2024-03-09T05:16:27.695+0000] {dag.py:3047} INFO - Sync 1 DAGs
[2024-03-09T05:16:27.715+0000] {logging_mixin.py:188} INFO - [2024-03-09T05:16:27.715+0000] {dag.py:3834} INFO - Setting next_dagrun for DAG_1 to 2024-03-17 00:00:00+00:00, run_after=2024-03-24 00:00:00+00:00
[2024-03-09T05:16:27.734+0000] {processor.py:183} INFO - Processing /opt/airflow/dags/First_dag.py took 0.089 seconds
[2024-03-09T05:16:57.960+0000] {processor.py:161} INFO - Started process (PID=1239) to work on /opt/airflow/dags/First_dag.py
[2024-03-09T05:16:57.961+0000] {processor.py:830} INFO - Processing file /opt/airflow/dags/First_dag.py for tasks to queue
[2024-03-09T05:16:57.964+0000] {logging_mixin.py:188} INFO - [2024-03-09T05:16:57.964+0000] {dagbag.py:540} INFO - Filling up the DagBag from /opt/airflow/dags/First_dag.py
[2024-03-09T05:16:57.985+0000] {processor.py:840} INFO - DAG(s) 'DAG_1' retrieved from /opt/airflow/dags/First_dag.py
[2024-03-09T05:16:58.004+0000] {logging_mixin.py:188} INFO - [2024-03-09T05:16:58.004+0000] {dag.py:3047} INFO - Sync 1 DAGs
[2024-03-09T05:16:58.030+0000] {logging_mixin.py:188} INFO - [2024-03-09T05:16:58.030+0000] {dag.py:3834} INFO - Setting next_dagrun for DAG_1 to 2024-03-17 00:00:00+00:00, run_after=2024-03-24 00:00:00+00:00
[2024-03-09T05:16:58.053+0000] {processor.py:183} INFO - Processing /opt/airflow/dags/First_dag.py took 0.096 seconds
[2024-03-09T05:17:28.424+0000] {processor.py:161} INFO - Started process (PID=1296) to work on /opt/airflow/dags/First_dag.py
[2024-03-09T05:17:28.425+0000] {processor.py:830} INFO - Processing file /opt/airflow/dags/First_dag.py for tasks to queue
[2024-03-09T05:17:28.429+0000] {logging_mixin.py:188} INFO - [2024-03-09T05:17:28.429+0000] {dagbag.py:540} INFO - Filling up the DagBag from /opt/airflow/dags/First_dag.py
[2024-03-09T05:17:28.452+0000] {processor.py:840} INFO - DAG(s) 'DAG_1' retrieved from /opt/airflow/dags/First_dag.py
[2024-03-09T05:17:28.474+0000] {logging_mixin.py:188} INFO - [2024-03-09T05:17:28.474+0000] {dag.py:3047} INFO - Sync 1 DAGs
[2024-03-09T05:17:28.497+0000] {logging_mixin.py:188} INFO - [2024-03-09T05:17:28.496+0000] {dag.py:3834} INFO - Setting next_dagrun for DAG_1 to 2024-03-17 00:00:00+00:00, run_after=2024-03-24 00:00:00+00:00
[2024-03-09T05:17:28.518+0000] {processor.py:183} INFO - Processing /opt/airflow/dags/First_dag.py took 0.100 seconds
[2024-03-09T05:17:59.165+0000] {processor.py:161} INFO - Started process (PID=1359) to work on /opt/airflow/dags/First_dag.py
[2024-03-09T05:17:59.167+0000] {processor.py:830} INFO - Processing file /opt/airflow/dags/First_dag.py for tasks to queue
[2024-03-09T05:17:59.170+0000] {logging_mixin.py:188} INFO - [2024-03-09T05:17:59.170+0000] {dagbag.py:540} INFO - Filling up the DagBag from /opt/airflow/dags/First_dag.py
[2024-03-09T05:17:59.188+0000] {processor.py:840} INFO - DAG(s) 'DAG_1' retrieved from /opt/airflow/dags/First_dag.py
[2024-03-09T05:17:59.206+0000] {logging_mixin.py:188} INFO - [2024-03-09T05:17:59.206+0000] {dag.py:3047} INFO - Sync 1 DAGs
[2024-03-09T05:17:59.228+0000] {logging_mixin.py:188} INFO - [2024-03-09T05:17:59.227+0000] {dag.py:3834} INFO - Setting next_dagrun for DAG_1 to 2024-03-17 00:00:00+00:00, run_after=2024-03-24 00:00:00+00:00
[2024-03-09T05:17:59.248+0000] {processor.py:183} INFO - Processing /opt/airflow/dags/First_dag.py took 0.088 seconds
[2024-03-09T05:18:29.311+0000] {processor.py:161} INFO - Started process (PID=1416) to work on /opt/airflow/dags/First_dag.py
[2024-03-09T05:18:29.313+0000] {processor.py:830} INFO - Processing file /opt/airflow/dags/First_dag.py for tasks to queue
[2024-03-09T05:18:29.315+0000] {logging_mixin.py:188} INFO - [2024-03-09T05:18:29.315+0000] {dagbag.py:540} INFO - Filling up the DagBag from /opt/airflow/dags/First_dag.py
[2024-03-09T05:18:29.336+0000] {processor.py:840} INFO - DAG(s) 'DAG_1' retrieved from /opt/airflow/dags/First_dag.py
[2024-03-09T05:18:29.354+0000] {logging_mixin.py:188} INFO - [2024-03-09T05:18:29.354+0000] {dag.py:3047} INFO - Sync 1 DAGs
[2024-03-09T05:18:29.374+0000] {logging_mixin.py:188} INFO - [2024-03-09T05:18:29.374+0000] {dag.py:3834} INFO - Setting next_dagrun for DAG_1 to 2024-03-17 00:00:00+00:00, run_after=2024-03-24 00:00:00+00:00
[2024-03-09T05:18:29.393+0000] {processor.py:183} INFO - Processing /opt/airflow/dags/First_dag.py took 0.085 seconds
[2024-03-09T05:18:59.610+0000] {processor.py:161} INFO - Started process (PID=1473) to work on /opt/airflow/dags/First_dag.py
[2024-03-09T05:18:59.611+0000] {processor.py:830} INFO - Processing file /opt/airflow/dags/First_dag.py for tasks to queue
[2024-03-09T05:18:59.614+0000] {logging_mixin.py:188} INFO - [2024-03-09T05:18:59.613+0000] {dagbag.py:540} INFO - Filling up the DagBag from /opt/airflow/dags/First_dag.py
[2024-03-09T05:18:59.638+0000] {processor.py:840} INFO - DAG(s) 'DAG_1' retrieved from /opt/airflow/dags/First_dag.py
[2024-03-09T05:18:59.656+0000] {logging_mixin.py:188} INFO - [2024-03-09T05:18:59.656+0000] {dag.py:3047} INFO - Sync 1 DAGs
[2024-03-09T05:18:59.675+0000] {logging_mixin.py:188} INFO - [2024-03-09T05:18:59.675+0000] {dag.py:3834} INFO - Setting next_dagrun for DAG_1 to 2024-03-17 00:00:00+00:00, run_after=2024-03-24 00:00:00+00:00
[2024-03-09T05:18:59.696+0000] {processor.py:183} INFO - Processing /opt/airflow/dags/First_dag.py took 0.089 seconds
[2024-03-09T05:19:29.939+0000] {processor.py:161} INFO - Started process (PID=1530) to work on /opt/airflow/dags/First_dag.py
[2024-03-09T05:19:29.940+0000] {processor.py:830} INFO - Processing file /opt/airflow/dags/First_dag.py for tasks to queue
[2024-03-09T05:19:29.942+0000] {logging_mixin.py:188} INFO - [2024-03-09T05:19:29.942+0000] {dagbag.py:540} INFO - Filling up the DagBag from /opt/airflow/dags/First_dag.py
[2024-03-09T05:19:29.970+0000] {processor.py:840} INFO - DAG(s) 'DAG_1' retrieved from /opt/airflow/dags/First_dag.py
[2024-03-09T05:19:29.988+0000] {logging_mixin.py:188} INFO - [2024-03-09T05:19:29.988+0000] {dag.py:3047} INFO - Sync 1 DAGs
[2024-03-09T05:19:30.008+0000] {logging_mixin.py:188} INFO - [2024-03-09T05:19:30.008+0000] {dag.py:3834} INFO - Setting next_dagrun for DAG_1 to 2024-03-17 00:00:00+00:00, run_after=2024-03-24 00:00:00+00:00
[2024-03-09T05:19:30.027+0000] {processor.py:183} INFO - Processing /opt/airflow/dags/First_dag.py took 0.091 seconds
[2024-03-09T05:20:00.250+0000] {processor.py:161} INFO - Started process (PID=1587) to work on /opt/airflow/dags/First_dag.py
[2024-03-09T05:20:00.251+0000] {processor.py:830} INFO - Processing file /opt/airflow/dags/First_dag.py for tasks to queue
[2024-03-09T05:20:00.253+0000] {logging_mixin.py:188} INFO - [2024-03-09T05:20:00.253+0000] {dagbag.py:540} INFO - Filling up the DagBag from /opt/airflow/dags/First_dag.py
[2024-03-09T05:20:00.278+0000] {processor.py:840} INFO - DAG(s) 'DAG_1' retrieved from /opt/airflow/dags/First_dag.py
[2024-03-09T05:20:00.295+0000] {logging_mixin.py:188} INFO - [2024-03-09T05:20:00.295+0000] {dag.py:3047} INFO - Sync 1 DAGs
[2024-03-09T05:20:00.315+0000] {logging_mixin.py:188} INFO - [2024-03-09T05:20:00.315+0000] {dag.py:3834} INFO - Setting next_dagrun for DAG_1 to 2024-03-17 00:00:00+00:00, run_after=2024-03-24 00:00:00+00:00
[2024-03-09T05:20:00.334+0000] {processor.py:183} INFO - Processing /opt/airflow/dags/First_dag.py took 0.088 seconds
[2024-03-09T05:20:30.434+0000] {processor.py:161} INFO - Started process (PID=1644) to work on /opt/airflow/dags/First_dag.py
[2024-03-09T05:20:30.436+0000] {processor.py:830} INFO - Processing file /opt/airflow/dags/First_dag.py for tasks to queue
[2024-03-09T05:20:30.437+0000] {logging_mixin.py:188} INFO - [2024-03-09T05:20:30.437+0000] {dagbag.py:540} INFO - Filling up the DagBag from /opt/airflow/dags/First_dag.py
[2024-03-09T05:20:30.461+0000] {processor.py:840} INFO - DAG(s) 'DAG_1' retrieved from /opt/airflow/dags/First_dag.py
[2024-03-09T05:20:30.480+0000] {logging_mixin.py:188} INFO - [2024-03-09T05:20:30.480+0000] {dag.py:3047} INFO - Sync 1 DAGs
[2024-03-09T05:20:30.499+0000] {logging_mixin.py:188} INFO - [2024-03-09T05:20:30.499+0000] {dag.py:3834} INFO - Setting next_dagrun for DAG_1 to 2024-03-17 00:00:00+00:00, run_after=2024-03-24 00:00:00+00:00
[2024-03-09T05:20:30.518+0000] {processor.py:183} INFO - Processing /opt/airflow/dags/First_dag.py took 0.086 seconds
[2024-03-09T05:21:00.847+0000] {processor.py:161} INFO - Started process (PID=1701) to work on /opt/airflow/dags/First_dag.py
[2024-03-09T05:21:00.848+0000] {processor.py:830} INFO - Processing file /opt/airflow/dags/First_dag.py for tasks to queue
[2024-03-09T05:21:00.850+0000] {logging_mixin.py:188} INFO - [2024-03-09T05:21:00.850+0000] {dagbag.py:540} INFO - Filling up the DagBag from /opt/airflow/dags/First_dag.py
[2024-03-09T05:21:00.873+0000] {processor.py:840} INFO - DAG(s) 'DAG_1' retrieved from /opt/airflow/dags/First_dag.py
[2024-03-09T05:21:00.894+0000] {logging_mixin.py:188} INFO - [2024-03-09T05:21:00.894+0000] {dag.py:3047} INFO - Sync 1 DAGs
[2024-03-09T05:21:00.915+0000] {logging_mixin.py:188} INFO - [2024-03-09T05:21:00.915+0000] {dag.py:3834} INFO - Setting next_dagrun for DAG_1 to 2024-03-17 00:00:00+00:00, run_after=2024-03-24 00:00:00+00:00
[2024-03-09T05:21:00.935+0000] {processor.py:183} INFO - Processing /opt/airflow/dags/First_dag.py took 0.090 seconds
[2024-03-09T05:21:31.153+0000] {processor.py:161} INFO - Started process (PID=1758) to work on /opt/airflow/dags/First_dag.py
[2024-03-09T05:21:31.154+0000] {processor.py:830} INFO - Processing file /opt/airflow/dags/First_dag.py for tasks to queue
[2024-03-09T05:21:31.156+0000] {logging_mixin.py:188} INFO - [2024-03-09T05:21:31.156+0000] {dagbag.py:540} INFO - Filling up the DagBag from /opt/airflow/dags/First_dag.py
[2024-03-09T05:21:31.181+0000] {processor.py:840} INFO - DAG(s) 'DAG_1' retrieved from /opt/airflow/dags/First_dag.py
[2024-03-09T05:21:31.201+0000] {logging_mixin.py:188} INFO - [2024-03-09T05:21:31.201+0000] {dag.py:3047} INFO - Sync 1 DAGs
[2024-03-09T05:21:31.222+0000] {logging_mixin.py:188} INFO - [2024-03-09T05:21:31.222+0000] {dag.py:3834} INFO - Setting next_dagrun for DAG_1 to 2024-03-17 00:00:00+00:00, run_after=2024-03-24 00:00:00+00:00
[2024-03-09T05:21:31.242+0000] {processor.py:183} INFO - Processing /opt/airflow/dags/First_dag.py took 0.092 seconds
[2024-03-09T05:22:01.511+0000] {processor.py:161} INFO - Started process (PID=1815) to work on /opt/airflow/dags/First_dag.py
[2024-03-09T05:22:01.513+0000] {processor.py:830} INFO - Processing file /opt/airflow/dags/First_dag.py for tasks to queue
[2024-03-09T05:22:01.517+0000] {logging_mixin.py:188} INFO - [2024-03-09T05:22:01.516+0000] {dagbag.py:540} INFO - Filling up the DagBag from /opt/airflow/dags/First_dag.py
[2024-03-09T05:22:01.548+0000] {processor.py:840} INFO - DAG(s) 'DAG_1' retrieved from /opt/airflow/dags/First_dag.py
[2024-03-09T05:22:01.572+0000] {logging_mixin.py:188} INFO - [2024-03-09T05:22:01.571+0000] {dag.py:3047} INFO - Sync 1 DAGs
[2024-03-09T05:22:01.593+0000] {logging_mixin.py:188} INFO - [2024-03-09T05:22:01.592+0000] {dag.py:3834} INFO - Setting next_dagrun for DAG_1 to 2024-03-17 00:00:00+00:00, run_after=2024-03-24 00:00:00+00:00
[2024-03-09T05:22:01.612+0000] {processor.py:183} INFO - Processing /opt/airflow/dags/First_dag.py took 0.105 seconds
[2024-03-09T05:22:31.950+0000] {processor.py:161} INFO - Started process (PID=1872) to work on /opt/airflow/dags/First_dag.py
[2024-03-09T05:22:31.952+0000] {processor.py:830} INFO - Processing file /opt/airflow/dags/First_dag.py for tasks to queue
[2024-03-09T05:22:31.953+0000] {logging_mixin.py:188} INFO - [2024-03-09T05:22:31.953+0000] {dagbag.py:540} INFO - Filling up the DagBag from /opt/airflow/dags/First_dag.py
[2024-03-09T05:22:31.978+0000] {processor.py:840} INFO - DAG(s) 'DAG_1' retrieved from /opt/airflow/dags/First_dag.py
[2024-03-09T05:22:31.996+0000] {logging_mixin.py:188} INFO - [2024-03-09T05:22:31.996+0000] {dag.py:3047} INFO - Sync 1 DAGs
[2024-03-09T05:22:32.017+0000] {logging_mixin.py:188} INFO - [2024-03-09T05:22:32.016+0000] {dag.py:3834} INFO - Setting next_dagrun for DAG_1 to 2024-03-17 00:00:00+00:00, run_after=2024-03-24 00:00:00+00:00
[2024-03-09T05:22:32.036+0000] {processor.py:183} INFO - Processing /opt/airflow/dags/First_dag.py took 0.089 seconds
[2024-03-09T05:23:02.147+0000] {processor.py:161} INFO - Started process (PID=1929) to work on /opt/airflow/dags/First_dag.py
[2024-03-09T05:23:02.149+0000] {processor.py:830} INFO - Processing file /opt/airflow/dags/First_dag.py for tasks to queue
[2024-03-09T05:23:02.152+0000] {logging_mixin.py:188} INFO - [2024-03-09T05:23:02.152+0000] {dagbag.py:540} INFO - Filling up the DagBag from /opt/airflow/dags/First_dag.py
[2024-03-09T05:23:02.179+0000] {processor.py:840} INFO - DAG(s) 'DAG_1' retrieved from /opt/airflow/dags/First_dag.py
[2024-03-09T05:23:02.196+0000] {logging_mixin.py:188} INFO - [2024-03-09T05:23:02.196+0000] {dag.py:3047} INFO - Sync 1 DAGs
[2024-03-09T05:23:02.217+0000] {logging_mixin.py:188} INFO - [2024-03-09T05:23:02.216+0000] {dag.py:3834} INFO - Setting next_dagrun for DAG_1 to 2024-03-17 00:00:00+00:00, run_after=2024-03-24 00:00:00+00:00
[2024-03-09T05:23:02.234+0000] {processor.py:183} INFO - Processing /opt/airflow/dags/First_dag.py took 0.094 seconds
[2024-03-09T05:23:32.476+0000] {processor.py:161} INFO - Started process (PID=1986) to work on /opt/airflow/dags/First_dag.py
[2024-03-09T05:23:32.478+0000] {processor.py:830} INFO - Processing file /opt/airflow/dags/First_dag.py for tasks to queue
[2024-03-09T05:23:32.479+0000] {logging_mixin.py:188} INFO - [2024-03-09T05:23:32.479+0000] {dagbag.py:540} INFO - Filling up the DagBag from /opt/airflow/dags/First_dag.py
[2024-03-09T05:23:32.500+0000] {processor.py:840} INFO - DAG(s) 'DAG_1' retrieved from /opt/airflow/dags/First_dag.py
[2024-03-09T05:23:32.518+0000] {logging_mixin.py:188} INFO - [2024-03-09T05:23:32.518+0000] {dag.py:3047} INFO - Sync 1 DAGs
[2024-03-09T05:23:32.540+0000] {logging_mixin.py:188} INFO - [2024-03-09T05:23:32.539+0000] {dag.py:3834} INFO - Setting next_dagrun for DAG_1 to 2024-03-17 00:00:00+00:00, run_after=2024-03-24 00:00:00+00:00
[2024-03-09T05:23:32.558+0000] {processor.py:183} INFO - Processing /opt/airflow/dags/First_dag.py took 0.085 seconds
[2024-03-09T05:26:39.398+0000] {processor.py:161} INFO - Started process (PID=42) to work on /opt/airflow/dags/First_dag.py
[2024-03-09T05:26:39.399+0000] {processor.py:830} INFO - Processing file /opt/airflow/dags/First_dag.py for tasks to queue
[2024-03-09T05:26:39.401+0000] {logging_mixin.py:188} INFO - [2024-03-09T05:26:39.401+0000] {dagbag.py:540} INFO - Filling up the DagBag from /opt/airflow/dags/First_dag.py
[2024-03-09T05:26:39.447+0000] {processor.py:840} INFO - DAG(s) 'DAG_1' retrieved from /opt/airflow/dags/First_dag.py
[2024-03-09T05:26:39.735+0000] {logging_mixin.py:188} INFO - [2024-03-09T05:26:39.735+0000] {dag.py:3047} INFO - Sync 1 DAGs
[2024-03-09T05:26:39.758+0000] {logging_mixin.py:188} INFO - [2024-03-09T05:26:39.758+0000] {dag.py:3834} INFO - Setting next_dagrun for DAG_1 to 2024-03-17 00:00:00+00:00, run_after=2024-03-24 00:00:00+00:00
[2024-03-09T05:26:39.782+0000] {processor.py:183} INFO - Processing /opt/airflow/dags/First_dag.py took 0.390 seconds
[2024-03-09T05:27:10.020+0000] {processor.py:161} INFO - Started process (PID=99) to work on /opt/airflow/dags/First_dag.py
[2024-03-09T05:27:10.026+0000] {processor.py:830} INFO - Processing file /opt/airflow/dags/First_dag.py for tasks to queue
[2024-03-09T05:27:10.031+0000] {logging_mixin.py:188} INFO - [2024-03-09T05:27:10.031+0000] {dagbag.py:540} INFO - Filling up the DagBag from /opt/airflow/dags/First_dag.py
[2024-03-09T05:27:10.066+0000] {processor.py:840} INFO - DAG(s) 'DAG_1' retrieved from /opt/airflow/dags/First_dag.py
[2024-03-09T05:27:10.130+0000] {logging_mixin.py:188} INFO - [2024-03-09T05:27:10.129+0000] {dag.py:3047} INFO - Sync 1 DAGs
[2024-03-09T05:27:10.170+0000] {logging_mixin.py:188} INFO - [2024-03-09T05:27:10.170+0000] {dag.py:3834} INFO - Setting next_dagrun for DAG_1 to 2024-03-17 00:00:00+00:00, run_after=2024-03-24 00:00:00+00:00
[2024-03-09T05:27:10.197+0000] {processor.py:183} INFO - Processing /opt/airflow/dags/First_dag.py took 0.183 seconds
[2024-03-09T05:27:40.289+0000] {processor.py:161} INFO - Started process (PID=156) to work on /opt/airflow/dags/First_dag.py
[2024-03-09T05:27:40.291+0000] {processor.py:830} INFO - Processing file /opt/airflow/dags/First_dag.py for tasks to queue
[2024-03-09T05:27:40.295+0000] {logging_mixin.py:188} INFO - [2024-03-09T05:27:40.294+0000] {dagbag.py:540} INFO - Filling up the DagBag from /opt/airflow/dags/First_dag.py
[2024-03-09T05:27:40.325+0000] {processor.py:840} INFO - DAG(s) 'DAG_1' retrieved from /opt/airflow/dags/First_dag.py
[2024-03-09T05:27:40.352+0000] {logging_mixin.py:188} INFO - [2024-03-09T05:27:40.351+0000] {dag.py:3047} INFO - Sync 1 DAGs
[2024-03-09T05:27:40.380+0000] {logging_mixin.py:188} INFO - [2024-03-09T05:27:40.379+0000] {dag.py:3834} INFO - Setting next_dagrun for DAG_1 to 2024-03-17 00:00:00+00:00, run_after=2024-03-24 00:00:00+00:00
[2024-03-09T05:27:40.403+0000] {processor.py:183} INFO - Processing /opt/airflow/dags/First_dag.py took 0.122 seconds
[2024-03-09T05:28:10.865+0000] {processor.py:161} INFO - Started process (PID=213) to work on /opt/airflow/dags/First_dag.py
[2024-03-09T05:28:10.866+0000] {processor.py:830} INFO - Processing file /opt/airflow/dags/First_dag.py for tasks to queue
[2024-03-09T05:28:10.868+0000] {logging_mixin.py:188} INFO - [2024-03-09T05:28:10.868+0000] {dagbag.py:540} INFO - Filling up the DagBag from /opt/airflow/dags/First_dag.py
[2024-03-09T05:28:10.888+0000] {processor.py:840} INFO - DAG(s) 'DAG_1' retrieved from /opt/airflow/dags/First_dag.py
[2024-03-09T05:28:10.911+0000] {logging_mixin.py:188} INFO - [2024-03-09T05:28:10.910+0000] {dag.py:3047} INFO - Sync 1 DAGs
[2024-03-09T05:28:10.930+0000] {logging_mixin.py:188} INFO - [2024-03-09T05:28:10.930+0000] {dag.py:3834} INFO - Setting next_dagrun for DAG_1 to 2024-03-17 00:00:00+00:00, run_after=2024-03-24 00:00:00+00:00
[2024-03-09T05:28:10.950+0000] {processor.py:183} INFO - Processing /opt/airflow/dags/First_dag.py took 0.088 seconds
[2024-03-09T05:28:32.458+0000] {processor.py:161} INFO - Started process (PID=270) to work on /opt/airflow/dags/First_dag.py
[2024-03-09T05:28:32.459+0000] {processor.py:830} INFO - Processing file /opt/airflow/dags/First_dag.py for tasks to queue
[2024-03-09T05:28:32.461+0000] {logging_mixin.py:188} INFO - [2024-03-09T05:28:32.461+0000] {dagbag.py:540} INFO - Filling up the DagBag from /opt/airflow/dags/First_dag.py
[2024-03-09T05:28:32.491+0000] {processor.py:840} INFO - DAG(s) 'DAG_1' retrieved from /opt/airflow/dags/First_dag.py
[2024-03-09T05:28:32.604+0000] {logging_mixin.py:188} INFO - [2024-03-09T05:28:32.603+0000] {dag.py:3047} INFO - Sync 1 DAGs
[2024-03-09T05:28:32.634+0000] {logging_mixin.py:188} INFO - [2024-03-09T05:28:32.634+0000] {dag.py:3834} INFO - Setting next_dagrun for DAG_1 to 2024-03-17 00:00:00+00:00, run_after=2024-03-24 00:00:00+00:00
[2024-03-09T05:28:32.661+0000] {processor.py:183} INFO - Processing /opt/airflow/dags/First_dag.py took 0.207 seconds
[2024-03-09T05:29:02.969+0000] {processor.py:161} INFO - Started process (PID=327) to work on /opt/airflow/dags/First_dag.py
[2024-03-09T05:29:02.971+0000] {processor.py:830} INFO - Processing file /opt/airflow/dags/First_dag.py for tasks to queue
[2024-03-09T05:29:02.973+0000] {logging_mixin.py:188} INFO - [2024-03-09T05:29:02.972+0000] {dagbag.py:540} INFO - Filling up the DagBag from /opt/airflow/dags/First_dag.py
[2024-03-09T05:29:02.997+0000] {processor.py:840} INFO - DAG(s) 'DAG_1' retrieved from /opt/airflow/dags/First_dag.py
[2024-03-09T05:29:03.025+0000] {logging_mixin.py:188} INFO - [2024-03-09T05:29:03.024+0000] {dag.py:3047} INFO - Sync 1 DAGs
[2024-03-09T05:29:03.055+0000] {logging_mixin.py:188} INFO - [2024-03-09T05:29:03.055+0000] {dag.py:3834} INFO - Setting next_dagrun for DAG_1 to 2024-03-17 00:00:00+00:00, run_after=2024-03-24 00:00:00+00:00
[2024-03-09T05:29:03.078+0000] {processor.py:183} INFO - Processing /opt/airflow/dags/First_dag.py took 0.113 seconds
[2024-03-09T05:29:33.385+0000] {processor.py:161} INFO - Started process (PID=384) to work on /opt/airflow/dags/First_dag.py
[2024-03-09T05:29:33.387+0000] {processor.py:830} INFO - Processing file /opt/airflow/dags/First_dag.py for tasks to queue
[2024-03-09T05:29:33.389+0000] {logging_mixin.py:188} INFO - [2024-03-09T05:29:33.389+0000] {dagbag.py:540} INFO - Filling up the DagBag from /opt/airflow/dags/First_dag.py
[2024-03-09T05:29:33.416+0000] {processor.py:840} INFO - DAG(s) 'DAG_1' retrieved from /opt/airflow/dags/First_dag.py
[2024-03-09T05:29:33.447+0000] {logging_mixin.py:188} INFO - [2024-03-09T05:29:33.447+0000] {dag.py:3047} INFO - Sync 1 DAGs
[2024-03-09T05:29:33.476+0000] {logging_mixin.py:188} INFO - [2024-03-09T05:29:33.476+0000] {dag.py:3834} INFO - Setting next_dagrun for DAG_1 to 2024-03-17 00:00:00+00:00, run_after=2024-03-24 00:00:00+00:00
[2024-03-09T05:29:33.497+0000] {processor.py:183} INFO - Processing /opt/airflow/dags/First_dag.py took 0.116 seconds
[2024-03-09T05:30:04.093+0000] {processor.py:161} INFO - Started process (PID=441) to work on /opt/airflow/dags/First_dag.py
[2024-03-09T05:30:04.095+0000] {processor.py:830} INFO - Processing file /opt/airflow/dags/First_dag.py for tasks to queue
[2024-03-09T05:30:04.097+0000] {logging_mixin.py:188} INFO - [2024-03-09T05:30:04.096+0000] {dagbag.py:540} INFO - Filling up the DagBag from /opt/airflow/dags/First_dag.py
[2024-03-09T05:30:04.121+0000] {processor.py:840} INFO - DAG(s) 'DAG_1' retrieved from /opt/airflow/dags/First_dag.py
[2024-03-09T05:30:04.141+0000] {logging_mixin.py:188} INFO - [2024-03-09T05:30:04.140+0000] {dag.py:3047} INFO - Sync 1 DAGs
[2024-03-09T05:30:04.162+0000] {logging_mixin.py:188} INFO - [2024-03-09T05:30:04.162+0000] {dag.py:3834} INFO - Setting next_dagrun for DAG_1 to 2024-03-17 00:00:00+00:00, run_after=2024-03-24 00:00:00+00:00
[2024-03-09T05:30:04.181+0000] {processor.py:183} INFO - Processing /opt/airflow/dags/First_dag.py took 0.091 seconds
[2024-03-09T05:30:34.642+0000] {processor.py:161} INFO - Started process (PID=498) to work on /opt/airflow/dags/First_dag.py
[2024-03-09T05:30:34.644+0000] {processor.py:830} INFO - Processing file /opt/airflow/dags/First_dag.py for tasks to queue
[2024-03-09T05:30:34.646+0000] {logging_mixin.py:188} INFO - [2024-03-09T05:30:34.645+0000] {dagbag.py:540} INFO - Filling up the DagBag from /opt/airflow/dags/First_dag.py
[2024-03-09T05:30:34.668+0000] {processor.py:840} INFO - DAG(s) 'DAG_1' retrieved from /opt/airflow/dags/First_dag.py
[2024-03-09T05:30:34.687+0000] {logging_mixin.py:188} INFO - [2024-03-09T05:30:34.686+0000] {dag.py:3047} INFO - Sync 1 DAGs
[2024-03-09T05:30:34.706+0000] {logging_mixin.py:188} INFO - [2024-03-09T05:30:34.706+0000] {dag.py:3834} INFO - Setting next_dagrun for DAG_1 to 2024-03-17 00:00:00+00:00, run_after=2024-03-24 00:00:00+00:00
[2024-03-09T05:30:34.724+0000] {processor.py:183} INFO - Processing /opt/airflow/dags/First_dag.py took 0.085 seconds
[2024-03-09T05:31:04.896+0000] {processor.py:161} INFO - Started process (PID=555) to work on /opt/airflow/dags/First_dag.py
[2024-03-09T05:31:04.898+0000] {processor.py:830} INFO - Processing file /opt/airflow/dags/First_dag.py for tasks to queue
[2024-03-09T05:31:04.900+0000] {logging_mixin.py:188} INFO - [2024-03-09T05:31:04.899+0000] {dagbag.py:540} INFO - Filling up the DagBag from /opt/airflow/dags/First_dag.py
[2024-03-09T05:31:04.921+0000] {processor.py:840} INFO - DAG(s) 'DAG_1' retrieved from /opt/airflow/dags/First_dag.py
[2024-03-09T05:31:04.938+0000] {logging_mixin.py:188} INFO - [2024-03-09T05:31:04.938+0000] {dag.py:3047} INFO - Sync 1 DAGs
[2024-03-09T05:31:04.958+0000] {logging_mixin.py:188} INFO - [2024-03-09T05:31:04.958+0000] {dag.py:3834} INFO - Setting next_dagrun for DAG_1 to 2024-03-17 00:00:00+00:00, run_after=2024-03-24 00:00:00+00:00
[2024-03-09T05:31:04.977+0000] {processor.py:183} INFO - Processing /opt/airflow/dags/First_dag.py took 0.085 seconds
[2024-03-09T05:31:35.261+0000] {processor.py:161} INFO - Started process (PID=612) to work on /opt/airflow/dags/First_dag.py
[2024-03-09T05:31:35.262+0000] {processor.py:830} INFO - Processing file /opt/airflow/dags/First_dag.py for tasks to queue
[2024-03-09T05:31:35.264+0000] {logging_mixin.py:188} INFO - [2024-03-09T05:31:35.264+0000] {dagbag.py:540} INFO - Filling up the DagBag from /opt/airflow/dags/First_dag.py
[2024-03-09T05:31:35.289+0000] {processor.py:840} INFO - DAG(s) 'DAG_1' retrieved from /opt/airflow/dags/First_dag.py
[2024-03-09T05:31:35.311+0000] {logging_mixin.py:188} INFO - [2024-03-09T05:31:35.311+0000] {dag.py:3047} INFO - Sync 1 DAGs
[2024-03-09T05:31:35.334+0000] {logging_mixin.py:188} INFO - [2024-03-09T05:31:35.333+0000] {dag.py:3834} INFO - Setting next_dagrun for DAG_1 to 2024-03-17 00:00:00+00:00, run_after=2024-03-24 00:00:00+00:00
[2024-03-09T05:31:35.355+0000] {processor.py:183} INFO - Processing /opt/airflow/dags/First_dag.py took 0.098 seconds
[2024-03-09T05:32:05.486+0000] {processor.py:161} INFO - Started process (PID=669) to work on /opt/airflow/dags/First_dag.py
[2024-03-09T05:32:05.488+0000] {processor.py:830} INFO - Processing file /opt/airflow/dags/First_dag.py for tasks to queue
[2024-03-09T05:32:05.489+0000] {logging_mixin.py:188} INFO - [2024-03-09T05:32:05.489+0000] {dagbag.py:540} INFO - Filling up the DagBag from /opt/airflow/dags/First_dag.py
[2024-03-09T05:32:05.508+0000] {processor.py:840} INFO - DAG(s) 'DAG_1' retrieved from /opt/airflow/dags/First_dag.py
[2024-03-09T05:32:05.528+0000] {logging_mixin.py:188} INFO - [2024-03-09T05:32:05.527+0000] {dag.py:3047} INFO - Sync 1 DAGs
[2024-03-09T05:32:05.550+0000] {logging_mixin.py:188} INFO - [2024-03-09T05:32:05.550+0000] {dag.py:3834} INFO - Setting next_dagrun for DAG_1 to 2024-03-17 00:00:00+00:00, run_after=2024-03-24 00:00:00+00:00
[2024-03-09T05:32:05.570+0000] {processor.py:183} INFO - Processing /opt/airflow/dags/First_dag.py took 0.086 seconds
[2024-03-09T05:32:36.132+0000] {processor.py:161} INFO - Started process (PID=726) to work on /opt/airflow/dags/First_dag.py
[2024-03-09T05:32:36.133+0000] {processor.py:830} INFO - Processing file /opt/airflow/dags/First_dag.py for tasks to queue
[2024-03-09T05:32:36.135+0000] {logging_mixin.py:188} INFO - [2024-03-09T05:32:36.134+0000] {dagbag.py:540} INFO - Filling up the DagBag from /opt/airflow/dags/First_dag.py
[2024-03-09T05:32:36.160+0000] {processor.py:840} INFO - DAG(s) 'DAG_1' retrieved from /opt/airflow/dags/First_dag.py
[2024-03-09T05:32:36.180+0000] {logging_mixin.py:188} INFO - [2024-03-09T05:32:36.180+0000] {dag.py:3047} INFO - Sync 1 DAGs
[2024-03-09T05:32:36.204+0000] {logging_mixin.py:188} INFO - [2024-03-09T05:32:36.204+0000] {dag.py:3834} INFO - Setting next_dagrun for DAG_1 to 2024-03-17 00:00:00+00:00, run_after=2024-03-24 00:00:00+00:00
[2024-03-09T05:32:36.224+0000] {processor.py:183} INFO - Processing /opt/airflow/dags/First_dag.py took 0.096 seconds
[2024-03-09T05:33:06.290+0000] {processor.py:161} INFO - Started process (PID=783) to work on /opt/airflow/dags/First_dag.py
[2024-03-09T05:33:06.291+0000] {processor.py:830} INFO - Processing file /opt/airflow/dags/First_dag.py for tasks to queue
[2024-03-09T05:33:06.294+0000] {logging_mixin.py:188} INFO - [2024-03-09T05:33:06.293+0000] {dagbag.py:540} INFO - Filling up the DagBag from /opt/airflow/dags/First_dag.py
[2024-03-09T05:33:06.321+0000] {processor.py:840} INFO - DAG(s) 'DAG_1' retrieved from /opt/airflow/dags/First_dag.py
[2024-03-09T05:33:06.341+0000] {logging_mixin.py:188} INFO - [2024-03-09T05:33:06.341+0000] {dag.py:3047} INFO - Sync 1 DAGs
[2024-03-09T05:33:06.363+0000] {logging_mixin.py:188} INFO - [2024-03-09T05:33:06.363+0000] {dag.py:3834} INFO - Setting next_dagrun for DAG_1 to 2024-03-17 00:00:00+00:00, run_after=2024-03-24 00:00:00+00:00
[2024-03-09T05:33:06.385+0000] {processor.py:183} INFO - Processing /opt/airflow/dags/First_dag.py took 0.098 seconds
[2024-03-09T05:33:36.673+0000] {processor.py:161} INFO - Started process (PID=840) to work on /opt/airflow/dags/First_dag.py
[2024-03-09T05:33:36.674+0000] {processor.py:830} INFO - Processing file /opt/airflow/dags/First_dag.py for tasks to queue
[2024-03-09T05:33:36.677+0000] {logging_mixin.py:188} INFO - [2024-03-09T05:33:36.677+0000] {dagbag.py:540} INFO - Filling up the DagBag from /opt/airflow/dags/First_dag.py
[2024-03-09T05:33:36.698+0000] {processor.py:840} INFO - DAG(s) 'DAG_1' retrieved from /opt/airflow/dags/First_dag.py
[2024-03-09T05:33:36.718+0000] {logging_mixin.py:188} INFO - [2024-03-09T05:33:36.718+0000] {dag.py:3047} INFO - Sync 1 DAGs
[2024-03-09T05:33:36.742+0000] {logging_mixin.py:188} INFO - [2024-03-09T05:33:36.742+0000] {dag.py:3834} INFO - Setting next_dagrun for DAG_1 to 2024-03-17 00:00:00+00:00, run_after=2024-03-24 00:00:00+00:00
[2024-03-09T05:33:36.768+0000] {processor.py:183} INFO - Processing /opt/airflow/dags/First_dag.py took 0.098 seconds
[2024-03-09T05:34:07.039+0000] {processor.py:161} INFO - Started process (PID=897) to work on /opt/airflow/dags/First_dag.py
[2024-03-09T05:34:07.043+0000] {processor.py:830} INFO - Processing file /opt/airflow/dags/First_dag.py for tasks to queue
[2024-03-09T05:34:07.046+0000] {logging_mixin.py:188} INFO - [2024-03-09T05:34:07.046+0000] {dagbag.py:540} INFO - Filling up the DagBag from /opt/airflow/dags/First_dag.py
[2024-03-09T05:34:07.076+0000] {processor.py:840} INFO - DAG(s) 'DAG_1' retrieved from /opt/airflow/dags/First_dag.py
[2024-03-09T05:34:07.100+0000] {logging_mixin.py:188} INFO - [2024-03-09T05:34:07.100+0000] {dag.py:3047} INFO - Sync 1 DAGs
[2024-03-09T05:34:07.131+0000] {logging_mixin.py:188} INFO - [2024-03-09T05:34:07.131+0000] {dag.py:3834} INFO - Setting next_dagrun for DAG_1 to 2024-03-17 00:00:00+00:00, run_after=2024-03-24 00:00:00+00:00
[2024-03-09T05:34:07.158+0000] {processor.py:183} INFO - Processing /opt/airflow/dags/First_dag.py took 0.126 seconds
[2024-03-09T05:34:37.349+0000] {processor.py:161} INFO - Started process (PID=954) to work on /opt/airflow/dags/First_dag.py
[2024-03-09T05:34:37.350+0000] {processor.py:830} INFO - Processing file /opt/airflow/dags/First_dag.py for tasks to queue
[2024-03-09T05:34:37.352+0000] {logging_mixin.py:188} INFO - [2024-03-09T05:34:37.352+0000] {dagbag.py:540} INFO - Filling up the DagBag from /opt/airflow/dags/First_dag.py
[2024-03-09T05:34:37.375+0000] {processor.py:840} INFO - DAG(s) 'DAG_1' retrieved from /opt/airflow/dags/First_dag.py
[2024-03-09T05:34:37.397+0000] {logging_mixin.py:188} INFO - [2024-03-09T05:34:37.397+0000] {dag.py:3047} INFO - Sync 1 DAGs
[2024-03-09T05:34:37.420+0000] {logging_mixin.py:188} INFO - [2024-03-09T05:34:37.420+0000] {dag.py:3834} INFO - Setting next_dagrun for DAG_1 to 2024-03-17 00:00:00+00:00, run_after=2024-03-24 00:00:00+00:00
[2024-03-09T05:34:37.442+0000] {processor.py:183} INFO - Processing /opt/airflow/dags/First_dag.py took 0.096 seconds
[2024-03-09T05:35:07.606+0000] {processor.py:161} INFO - Started process (PID=1011) to work on /opt/airflow/dags/First_dag.py
[2024-03-09T05:35:07.607+0000] {processor.py:830} INFO - Processing file /opt/airflow/dags/First_dag.py for tasks to queue
[2024-03-09T05:35:07.609+0000] {logging_mixin.py:188} INFO - [2024-03-09T05:35:07.609+0000] {dagbag.py:540} INFO - Filling up the DagBag from /opt/airflow/dags/First_dag.py
[2024-03-09T05:35:07.636+0000] {processor.py:840} INFO - DAG(s) 'DAG_1' retrieved from /opt/airflow/dags/First_dag.py
[2024-03-09T05:35:07.657+0000] {logging_mixin.py:188} INFO - [2024-03-09T05:35:07.657+0000] {dag.py:3047} INFO - Sync 1 DAGs
[2024-03-09T05:35:07.682+0000] {logging_mixin.py:188} INFO - [2024-03-09T05:35:07.682+0000] {dag.py:3834} INFO - Setting next_dagrun for DAG_1 to 2024-03-17 00:00:00+00:00, run_after=2024-03-24 00:00:00+00:00
[2024-03-09T05:35:07.703+0000] {processor.py:183} INFO - Processing /opt/airflow/dags/First_dag.py took 0.100 seconds
[2024-03-09T05:35:38.054+0000] {processor.py:161} INFO - Started process (PID=1067) to work on /opt/airflow/dags/First_dag.py
[2024-03-09T05:35:38.056+0000] {processor.py:830} INFO - Processing file /opt/airflow/dags/First_dag.py for tasks to queue
[2024-03-09T05:35:38.058+0000] {logging_mixin.py:188} INFO - [2024-03-09T05:35:38.057+0000] {dagbag.py:540} INFO - Filling up the DagBag from /opt/airflow/dags/First_dag.py
[2024-03-09T05:35:38.082+0000] {processor.py:840} INFO - DAG(s) 'DAG_1' retrieved from /opt/airflow/dags/First_dag.py
[2024-03-09T05:35:38.102+0000] {logging_mixin.py:188} INFO - [2024-03-09T05:35:38.102+0000] {dag.py:3047} INFO - Sync 1 DAGs
[2024-03-09T05:35:38.125+0000] {logging_mixin.py:188} INFO - [2024-03-09T05:35:38.124+0000] {dag.py:3834} INFO - Setting next_dagrun for DAG_1 to 2024-03-17 00:00:00+00:00, run_after=2024-03-24 00:00:00+00:00
[2024-03-09T05:35:38.147+0000] {processor.py:183} INFO - Processing /opt/airflow/dags/First_dag.py took 0.096 seconds
[2024-03-09T05:36:08.528+0000] {processor.py:161} INFO - Started process (PID=1124) to work on /opt/airflow/dags/First_dag.py
[2024-03-09T05:36:08.529+0000] {processor.py:830} INFO - Processing file /opt/airflow/dags/First_dag.py for tasks to queue
[2024-03-09T05:36:08.530+0000] {logging_mixin.py:188} INFO - [2024-03-09T05:36:08.530+0000] {dagbag.py:540} INFO - Filling up the DagBag from /opt/airflow/dags/First_dag.py
[2024-03-09T05:36:08.554+0000] {processor.py:840} INFO - DAG(s) 'DAG_1' retrieved from /opt/airflow/dags/First_dag.py
[2024-03-09T05:36:08.575+0000] {logging_mixin.py:188} INFO - [2024-03-09T05:36:08.575+0000] {dag.py:3047} INFO - Sync 1 DAGs
[2024-03-09T05:36:08.599+0000] {logging_mixin.py:188} INFO - [2024-03-09T05:36:08.599+0000] {dag.py:3834} INFO - Setting next_dagrun for DAG_1 to 2024-03-17 00:00:00+00:00, run_after=2024-03-24 00:00:00+00:00
[2024-03-09T05:36:08.622+0000] {processor.py:183} INFO - Processing /opt/airflow/dags/First_dag.py took 0.098 seconds
[2024-03-09T05:36:39.070+0000] {processor.py:161} INFO - Started process (PID=1181) to work on /opt/airflow/dags/First_dag.py
[2024-03-09T05:36:39.072+0000] {processor.py:830} INFO - Processing file /opt/airflow/dags/First_dag.py for tasks to queue
[2024-03-09T05:36:39.076+0000] {logging_mixin.py:188} INFO - [2024-03-09T05:36:39.075+0000] {dagbag.py:540} INFO - Filling up the DagBag from /opt/airflow/dags/First_dag.py
[2024-03-09T05:36:39.099+0000] {processor.py:840} INFO - DAG(s) 'DAG_1' retrieved from /opt/airflow/dags/First_dag.py
[2024-03-09T05:36:39.139+0000] {logging_mixin.py:188} INFO - [2024-03-09T05:36:39.138+0000] {dag.py:3047} INFO - Sync 1 DAGs
[2024-03-09T05:36:39.185+0000] {logging_mixin.py:188} INFO - [2024-03-09T05:36:39.184+0000] {dag.py:3834} INFO - Setting next_dagrun for DAG_1 to 2024-03-17 00:00:00+00:00, run_after=2024-03-24 00:00:00+00:00
[2024-03-09T05:36:39.214+0000] {processor.py:183} INFO - Processing /opt/airflow/dags/First_dag.py took 0.148 seconds
[2024-03-09T05:37:09.829+0000] {processor.py:161} INFO - Started process (PID=1238) to work on /opt/airflow/dags/First_dag.py
[2024-03-09T05:37:09.832+0000] {processor.py:830} INFO - Processing file /opt/airflow/dags/First_dag.py for tasks to queue
[2024-03-09T05:37:09.837+0000] {logging_mixin.py:188} INFO - [2024-03-09T05:37:09.836+0000] {dagbag.py:540} INFO - Filling up the DagBag from /opt/airflow/dags/First_dag.py
[2024-03-09T05:37:09.878+0000] {processor.py:840} INFO - DAG(s) 'DAG_1' retrieved from /opt/airflow/dags/First_dag.py
[2024-03-09T05:37:09.906+0000] {logging_mixin.py:188} INFO - [2024-03-09T05:37:09.906+0000] {dag.py:3047} INFO - Sync 1 DAGs
[2024-03-09T05:37:09.938+0000] {logging_mixin.py:188} INFO - [2024-03-09T05:37:09.938+0000] {dag.py:3834} INFO - Setting next_dagrun for DAG_1 to 2024-03-17 00:00:00+00:00, run_after=2024-03-24 00:00:00+00:00
[2024-03-09T05:37:09.968+0000] {processor.py:183} INFO - Processing /opt/airflow/dags/First_dag.py took 0.145 seconds
[2024-03-09T05:37:40.282+0000] {processor.py:161} INFO - Started process (PID=1295) to work on /opt/airflow/dags/First_dag.py
[2024-03-09T05:37:40.285+0000] {processor.py:830} INFO - Processing file /opt/airflow/dags/First_dag.py for tasks to queue
[2024-03-09T05:37:40.290+0000] {logging_mixin.py:188} INFO - [2024-03-09T05:37:40.289+0000] {dagbag.py:540} INFO - Filling up the DagBag from /opt/airflow/dags/First_dag.py
[2024-03-09T05:37:40.333+0000] {processor.py:840} INFO - DAG(s) 'DAG_1' retrieved from /opt/airflow/dags/First_dag.py
[2024-03-09T05:37:40.366+0000] {logging_mixin.py:188} INFO - [2024-03-09T05:37:40.366+0000] {dag.py:3047} INFO - Sync 1 DAGs
[2024-03-09T05:37:40.407+0000] {logging_mixin.py:188} INFO - [2024-03-09T05:37:40.407+0000] {dag.py:3834} INFO - Setting next_dagrun for DAG_1 to 2024-03-17 00:00:00+00:00, run_after=2024-03-24 00:00:00+00:00
[2024-03-09T05:37:40.450+0000] {processor.py:183} INFO - Processing /opt/airflow/dags/First_dag.py took 0.176 seconds
[2024-03-09T05:38:10.898+0000] {processor.py:161} INFO - Started process (PID=1352) to work on /opt/airflow/dags/First_dag.py
[2024-03-09T05:38:10.904+0000] {processor.py:830} INFO - Processing file /opt/airflow/dags/First_dag.py for tasks to queue
[2024-03-09T05:38:10.908+0000] {logging_mixin.py:188} INFO - [2024-03-09T05:38:10.908+0000] {dagbag.py:540} INFO - Filling up the DagBag from /opt/airflow/dags/First_dag.py
[2024-03-09T05:38:10.985+0000] {processor.py:840} INFO - DAG(s) 'DAG_1' retrieved from /opt/airflow/dags/First_dag.py
[2024-03-09T05:38:11.042+0000] {logging_mixin.py:188} INFO - [2024-03-09T05:38:11.040+0000] {dag.py:3047} INFO - Sync 1 DAGs
[2024-03-09T05:38:11.082+0000] {logging_mixin.py:188} INFO - [2024-03-09T05:38:11.082+0000] {dag.py:3834} INFO - Setting next_dagrun for DAG_1 to 2024-03-17 00:00:00+00:00, run_after=2024-03-24 00:00:00+00:00
[2024-03-09T05:38:11.117+0000] {processor.py:183} INFO - Processing /opt/airflow/dags/First_dag.py took 0.227 seconds
[2024-03-09T05:38:41.333+0000] {processor.py:161} INFO - Started process (PID=1409) to work on /opt/airflow/dags/First_dag.py
[2024-03-09T05:38:41.335+0000] {processor.py:830} INFO - Processing file /opt/airflow/dags/First_dag.py for tasks to queue
[2024-03-09T05:38:41.337+0000] {logging_mixin.py:188} INFO - [2024-03-09T05:38:41.337+0000] {dagbag.py:540} INFO - Filling up the DagBag from /opt/airflow/dags/First_dag.py
[2024-03-09T05:38:41.361+0000] {processor.py:840} INFO - DAG(s) 'DAG_1' retrieved from /opt/airflow/dags/First_dag.py
[2024-03-09T05:38:41.384+0000] {logging_mixin.py:188} INFO - [2024-03-09T05:38:41.384+0000] {dag.py:3047} INFO - Sync 1 DAGs
[2024-03-09T05:38:41.408+0000] {logging_mixin.py:188} INFO - [2024-03-09T05:38:41.408+0000] {dag.py:3834} INFO - Setting next_dagrun for DAG_1 to 2024-03-17 00:00:00+00:00, run_after=2024-03-24 00:00:00+00:00
[2024-03-09T05:38:41.430+0000] {processor.py:183} INFO - Processing /opt/airflow/dags/First_dag.py took 0.101 seconds
[2024-03-09T05:39:11.583+0000] {processor.py:161} INFO - Started process (PID=1466) to work on /opt/airflow/dags/First_dag.py
[2024-03-09T05:39:11.585+0000] {processor.py:830} INFO - Processing file /opt/airflow/dags/First_dag.py for tasks to queue
[2024-03-09T05:39:11.587+0000] {logging_mixin.py:188} INFO - [2024-03-09T05:39:11.587+0000] {dagbag.py:540} INFO - Filling up the DagBag from /opt/airflow/dags/First_dag.py
[2024-03-09T05:39:11.615+0000] {processor.py:840} INFO - DAG(s) 'DAG_1' retrieved from /opt/airflow/dags/First_dag.py
[2024-03-09T05:39:11.641+0000] {logging_mixin.py:188} INFO - [2024-03-09T05:39:11.641+0000] {dag.py:3047} INFO - Sync 1 DAGs
[2024-03-09T05:39:11.668+0000] {logging_mixin.py:188} INFO - [2024-03-09T05:39:11.668+0000] {dag.py:3834} INFO - Setting next_dagrun for DAG_1 to 2024-03-17 00:00:00+00:00, run_after=2024-03-24 00:00:00+00:00
[2024-03-09T05:39:11.694+0000] {processor.py:183} INFO - Processing /opt/airflow/dags/First_dag.py took 0.116 seconds
[2024-03-09T05:39:41.754+0000] {processor.py:161} INFO - Started process (PID=1523) to work on /opt/airflow/dags/First_dag.py
[2024-03-09T05:39:41.757+0000] {processor.py:830} INFO - Processing file /opt/airflow/dags/First_dag.py for tasks to queue
[2024-03-09T05:39:41.760+0000] {logging_mixin.py:188} INFO - [2024-03-09T05:39:41.759+0000] {dagbag.py:540} INFO - Filling up the DagBag from /opt/airflow/dags/First_dag.py
[2024-03-09T05:39:41.793+0000] {processor.py:840} INFO - DAG(s) 'DAG_1' retrieved from /opt/airflow/dags/First_dag.py
[2024-03-09T05:39:41.820+0000] {logging_mixin.py:188} INFO - [2024-03-09T05:39:41.820+0000] {dag.py:3047} INFO - Sync 1 DAGs
[2024-03-09T05:39:41.853+0000] {logging_mixin.py:188} INFO - [2024-03-09T05:39:41.853+0000] {dag.py:3834} INFO - Setting next_dagrun for DAG_1 to 2024-03-17 00:00:00+00:00, run_after=2024-03-24 00:00:00+00:00
[2024-03-09T05:39:41.883+0000] {processor.py:183} INFO - Processing /opt/airflow/dags/First_dag.py took 0.134 seconds
[2024-03-09T05:40:12.797+0000] {processor.py:161} INFO - Started process (PID=1580) to work on /opt/airflow/dags/First_dag.py
[2024-03-09T05:40:12.801+0000] {processor.py:830} INFO - Processing file /opt/airflow/dags/First_dag.py for tasks to queue
[2024-03-09T05:40:12.808+0000] {logging_mixin.py:188} INFO - [2024-03-09T05:40:12.807+0000] {dagbag.py:540} INFO - Filling up the DagBag from /opt/airflow/dags/First_dag.py
[2024-03-09T05:40:12.870+0000] {processor.py:840} INFO - DAG(s) 'DAG_1' retrieved from /opt/airflow/dags/First_dag.py
[2024-03-09T05:40:12.939+0000] {logging_mixin.py:188} INFO - [2024-03-09T05:40:12.938+0000] {dag.py:3047} INFO - Sync 1 DAGs
[2024-03-09T05:40:13.028+0000] {logging_mixin.py:188} INFO - [2024-03-09T05:40:13.028+0000] {dag.py:3834} INFO - Setting next_dagrun for DAG_1 to 2024-03-17 00:00:00+00:00, run_after=2024-03-24 00:00:00+00:00
[2024-03-09T05:40:13.070+0000] {processor.py:183} INFO - Processing /opt/airflow/dags/First_dag.py took 0.284 seconds
[2024-03-09T05:40:43.477+0000] {processor.py:161} INFO - Started process (PID=1636) to work on /opt/airflow/dags/First_dag.py
[2024-03-09T05:40:43.489+0000] {processor.py:830} INFO - Processing file /opt/airflow/dags/First_dag.py for tasks to queue
[2024-03-09T05:40:43.512+0000] {logging_mixin.py:188} INFO - [2024-03-09T05:40:43.507+0000] {dagbag.py:540} INFO - Filling up the DagBag from /opt/airflow/dags/First_dag.py
[2024-03-09T05:40:43.632+0000] {processor.py:840} INFO - DAG(s) 'DAG_1' retrieved from /opt/airflow/dags/First_dag.py
[2024-03-09T05:40:43.774+0000] {logging_mixin.py:188} INFO - [2024-03-09T05:40:43.773+0000] {dag.py:3047} INFO - Sync 1 DAGs
[2024-03-09T05:40:43.957+0000] {logging_mixin.py:188} INFO - [2024-03-09T05:40:43.956+0000] {dag.py:3834} INFO - Setting next_dagrun for DAG_1 to 2024-03-17 00:00:00+00:00, run_after=2024-03-24 00:00:00+00:00
[2024-03-09T05:40:44.216+0000] {processor.py:183} INFO - Processing /opt/airflow/dags/First_dag.py took 0.771 seconds
[2024-03-09T05:41:14.368+0000] {processor.py:161} INFO - Started process (PID=1693) to work on /opt/airflow/dags/First_dag.py
[2024-03-09T05:41:14.370+0000] {processor.py:830} INFO - Processing file /opt/airflow/dags/First_dag.py for tasks to queue
[2024-03-09T05:41:14.376+0000] {logging_mixin.py:188} INFO - [2024-03-09T05:41:14.375+0000] {dagbag.py:540} INFO - Filling up the DagBag from /opt/airflow/dags/First_dag.py
[2024-03-09T05:41:14.451+0000] {processor.py:840} INFO - DAG(s) 'DAG_1' retrieved from /opt/airflow/dags/First_dag.py
[2024-03-09T05:41:14.549+0000] {logging_mixin.py:188} INFO - [2024-03-09T05:41:14.547+0000] {dag.py:3047} INFO - Sync 1 DAGs
[2024-03-09T05:41:14.660+0000] {logging_mixin.py:188} INFO - [2024-03-09T05:41:14.658+0000] {dag.py:3834} INFO - Setting next_dagrun for DAG_1 to 2024-03-17 00:00:00+00:00, run_after=2024-03-24 00:00:00+00:00
[2024-03-09T05:41:14.802+0000] {processor.py:183} INFO - Processing /opt/airflow/dags/First_dag.py took 0.441 seconds
[2024-03-09T05:41:45.778+0000] {processor.py:161} INFO - Started process (PID=1750) to work on /opt/airflow/dags/First_dag.py
[2024-03-09T05:41:45.785+0000] {processor.py:830} INFO - Processing file /opt/airflow/dags/First_dag.py for tasks to queue
[2024-03-09T05:41:45.791+0000] {logging_mixin.py:188} INFO - [2024-03-09T05:41:45.789+0000] {dagbag.py:540} INFO - Filling up the DagBag from /opt/airflow/dags/First_dag.py
[2024-03-09T05:41:45.843+0000] {processor.py:840} INFO - DAG(s) 'DAG_1' retrieved from /opt/airflow/dags/First_dag.py
[2024-03-09T05:41:45.888+0000] {logging_mixin.py:188} INFO - [2024-03-09T05:41:45.887+0000] {dag.py:3047} INFO - Sync 1 DAGs
[2024-03-09T05:41:45.943+0000] {logging_mixin.py:188} INFO - [2024-03-09T05:41:45.941+0000] {dag.py:3834} INFO - Setting next_dagrun for DAG_1 to 2024-03-17 00:00:00+00:00, run_after=2024-03-24 00:00:00+00:00
[2024-03-09T05:41:46.013+0000] {processor.py:183} INFO - Processing /opt/airflow/dags/First_dag.py took 0.251 seconds
[2024-03-09T05:42:16.345+0000] {processor.py:161} INFO - Started process (PID=1807) to work on /opt/airflow/dags/First_dag.py
[2024-03-09T05:42:16.347+0000] {processor.py:830} INFO - Processing file /opt/airflow/dags/First_dag.py for tasks to queue
[2024-03-09T05:42:16.349+0000] {logging_mixin.py:188} INFO - [2024-03-09T05:42:16.349+0000] {dagbag.py:540} INFO - Filling up the DagBag from /opt/airflow/dags/First_dag.py
[2024-03-09T05:42:16.389+0000] {processor.py:840} INFO - DAG(s) 'DAG_1' retrieved from /opt/airflow/dags/First_dag.py
[2024-03-09T05:42:16.432+0000] {logging_mixin.py:188} INFO - [2024-03-09T05:42:16.431+0000] {dag.py:3047} INFO - Sync 1 DAGs
[2024-03-09T05:42:16.492+0000] {logging_mixin.py:188} INFO - [2024-03-09T05:42:16.492+0000] {dag.py:3834} INFO - Setting next_dagrun for DAG_1 to 2024-03-17 00:00:00+00:00, run_after=2024-03-24 00:00:00+00:00
[2024-03-09T05:42:16.551+0000] {processor.py:183} INFO - Processing /opt/airflow/dags/First_dag.py took 0.215 seconds
[2024-03-09T05:42:46.991+0000] {processor.py:161} INFO - Started process (PID=1866) to work on /opt/airflow/dags/First_dag.py
[2024-03-09T05:42:47.004+0000] {processor.py:830} INFO - Processing file /opt/airflow/dags/First_dag.py for tasks to queue
[2024-03-09T05:42:47.009+0000] {logging_mixin.py:188} INFO - [2024-03-09T05:42:47.008+0000] {dagbag.py:540} INFO - Filling up the DagBag from /opt/airflow/dags/First_dag.py
[2024-03-09T05:42:47.114+0000] {processor.py:840} INFO - DAG(s) 'DAG_1' retrieved from /opt/airflow/dags/First_dag.py
[2024-03-09T05:42:47.236+0000] {logging_mixin.py:188} INFO - [2024-03-09T05:42:47.232+0000] {dag.py:3047} INFO - Sync 1 DAGs
[2024-03-09T05:42:47.419+0000] {logging_mixin.py:188} INFO - [2024-03-09T05:42:47.418+0000] {dag.py:3834} INFO - Setting next_dagrun for DAG_1 to 2024-03-17 00:00:00+00:00, run_after=2024-03-24 00:00:00+00:00
[2024-03-09T05:42:47.514+0000] {processor.py:183} INFO - Processing /opt/airflow/dags/First_dag.py took 0.541 seconds
[2024-03-09T05:43:18.024+0000] {processor.py:161} INFO - Started process (PID=1923) to work on /opt/airflow/dags/First_dag.py
[2024-03-09T05:43:18.026+0000] {processor.py:830} INFO - Processing file /opt/airflow/dags/First_dag.py for tasks to queue
[2024-03-09T05:43:18.030+0000] {logging_mixin.py:188} INFO - [2024-03-09T05:43:18.029+0000] {dagbag.py:540} INFO - Filling up the DagBag from /opt/airflow/dags/First_dag.py
[2024-03-09T05:43:18.070+0000] {processor.py:840} INFO - DAG(s) 'DAG_1' retrieved from /opt/airflow/dags/First_dag.py
[2024-03-09T05:43:18.096+0000] {logging_mixin.py:188} INFO - [2024-03-09T05:43:18.096+0000] {dag.py:3047} INFO - Sync 1 DAGs
[2024-03-09T05:43:18.125+0000] {logging_mixin.py:188} INFO - [2024-03-09T05:43:18.125+0000] {dag.py:3834} INFO - Setting next_dagrun for DAG_1 to 2024-03-17 00:00:00+00:00, run_after=2024-03-24 00:00:00+00:00
[2024-03-09T05:43:18.153+0000] {processor.py:183} INFO - Processing /opt/airflow/dags/First_dag.py took 0.133 seconds
[2024-03-09T05:43:48.607+0000] {processor.py:161} INFO - Started process (PID=1980) to work on /opt/airflow/dags/First_dag.py
[2024-03-09T05:43:48.612+0000] {processor.py:830} INFO - Processing file /opt/airflow/dags/First_dag.py for tasks to queue
[2024-03-09T05:43:48.615+0000] {logging_mixin.py:188} INFO - [2024-03-09T05:43:48.615+0000] {dagbag.py:540} INFO - Filling up the DagBag from /opt/airflow/dags/First_dag.py
[2024-03-09T05:43:48.667+0000] {processor.py:840} INFO - DAG(s) 'DAG_1' retrieved from /opt/airflow/dags/First_dag.py
[2024-03-09T05:43:48.710+0000] {logging_mixin.py:188} INFO - [2024-03-09T05:43:48.709+0000] {dag.py:3047} INFO - Sync 1 DAGs
[2024-03-09T05:43:48.757+0000] {logging_mixin.py:188} INFO - [2024-03-09T05:43:48.757+0000] {dag.py:3834} INFO - Setting next_dagrun for DAG_1 to 2024-03-17 00:00:00+00:00, run_after=2024-03-24 00:00:00+00:00
[2024-03-09T05:43:48.798+0000] {processor.py:183} INFO - Processing /opt/airflow/dags/First_dag.py took 0.197 seconds
[2024-03-09T05:44:19.108+0000] {processor.py:161} INFO - Started process (PID=2037) to work on /opt/airflow/dags/First_dag.py
[2024-03-09T05:44:19.110+0000] {processor.py:830} INFO - Processing file /opt/airflow/dags/First_dag.py for tasks to queue
[2024-03-09T05:44:19.111+0000] {logging_mixin.py:188} INFO - [2024-03-09T05:44:19.111+0000] {dagbag.py:540} INFO - Filling up the DagBag from /opt/airflow/dags/First_dag.py
[2024-03-09T05:44:19.154+0000] {processor.py:840} INFO - DAG(s) 'DAG_1' retrieved from /opt/airflow/dags/First_dag.py
[2024-03-09T05:44:19.187+0000] {logging_mixin.py:188} INFO - [2024-03-09T05:44:19.186+0000] {dag.py:3047} INFO - Sync 1 DAGs
[2024-03-09T05:44:19.226+0000] {logging_mixin.py:188} INFO - [2024-03-09T05:44:19.226+0000] {dag.py:3834} INFO - Setting next_dagrun for DAG_1 to 2024-03-17 00:00:00+00:00, run_after=2024-03-24 00:00:00+00:00
[2024-03-09T05:44:19.262+0000] {processor.py:183} INFO - Processing /opt/airflow/dags/First_dag.py took 0.159 seconds
[2024-03-09T05:44:49.409+0000] {processor.py:161} INFO - Started process (PID=2094) to work on /opt/airflow/dags/First_dag.py
[2024-03-09T05:44:49.413+0000] {processor.py:830} INFO - Processing file /opt/airflow/dags/First_dag.py for tasks to queue
[2024-03-09T05:44:49.415+0000] {logging_mixin.py:188} INFO - [2024-03-09T05:44:49.414+0000] {dagbag.py:540} INFO - Filling up the DagBag from /opt/airflow/dags/First_dag.py
[2024-03-09T05:44:49.464+0000] {processor.py:840} INFO - DAG(s) 'DAG_1' retrieved from /opt/airflow/dags/First_dag.py
[2024-03-09T05:44:49.525+0000] {logging_mixin.py:188} INFO - [2024-03-09T05:44:49.525+0000] {dag.py:3047} INFO - Sync 1 DAGs
[2024-03-09T05:44:49.602+0000] {logging_mixin.py:188} INFO - [2024-03-09T05:44:49.601+0000] {dag.py:3834} INFO - Setting next_dagrun for DAG_1 to 2024-03-17 00:00:00+00:00, run_after=2024-03-24 00:00:00+00:00
[2024-03-09T05:44:49.659+0000] {processor.py:183} INFO - Processing /opt/airflow/dags/First_dag.py took 0.262 seconds
[2024-03-09T05:45:19.763+0000] {processor.py:161} INFO - Started process (PID=2151) to work on /opt/airflow/dags/First_dag.py
[2024-03-09T05:45:19.769+0000] {processor.py:830} INFO - Processing file /opt/airflow/dags/First_dag.py for tasks to queue
[2024-03-09T05:45:19.772+0000] {logging_mixin.py:188} INFO - [2024-03-09T05:45:19.771+0000] {dagbag.py:540} INFO - Filling up the DagBag from /opt/airflow/dags/First_dag.py
[2024-03-09T05:45:19.812+0000] {processor.py:840} INFO - DAG(s) 'DAG_1' retrieved from /opt/airflow/dags/First_dag.py
[2024-03-09T05:45:19.842+0000] {logging_mixin.py:188} INFO - [2024-03-09T05:45:19.841+0000] {dag.py:3047} INFO - Sync 1 DAGs
[2024-03-09T05:45:19.880+0000] {logging_mixin.py:188} INFO - [2024-03-09T05:45:19.880+0000] {dag.py:3834} INFO - Setting next_dagrun for DAG_1 to 2024-03-17 00:00:00+00:00, run_after=2024-03-24 00:00:00+00:00
[2024-03-09T05:45:19.911+0000] {processor.py:183} INFO - Processing /opt/airflow/dags/First_dag.py took 0.154 seconds
[2024-03-09T05:45:49.991+0000] {processor.py:161} INFO - Started process (PID=2208) to work on /opt/airflow/dags/First_dag.py
[2024-03-09T05:45:49.993+0000] {processor.py:830} INFO - Processing file /opt/airflow/dags/First_dag.py for tasks to queue
[2024-03-09T05:45:49.994+0000] {logging_mixin.py:188} INFO - [2024-03-09T05:45:49.994+0000] {dagbag.py:540} INFO - Filling up the DagBag from /opt/airflow/dags/First_dag.py
[2024-03-09T05:45:50.020+0000] {processor.py:840} INFO - DAG(s) 'DAG_1' retrieved from /opt/airflow/dags/First_dag.py
[2024-03-09T05:45:50.041+0000] {logging_mixin.py:188} INFO - [2024-03-09T05:45:50.041+0000] {dag.py:3047} INFO - Sync 1 DAGs
[2024-03-09T05:45:50.068+0000] {logging_mixin.py:188} INFO - [2024-03-09T05:45:50.068+0000] {dag.py:3834} INFO - Setting next_dagrun for DAG_1 to 2024-03-17 00:00:00+00:00, run_after=2024-03-24 00:00:00+00:00
[2024-03-09T05:45:50.091+0000] {processor.py:183} INFO - Processing /opt/airflow/dags/First_dag.py took 0.104 seconds
[2024-03-09T05:46:20.531+0000] {processor.py:161} INFO - Started process (PID=2265) to work on /opt/airflow/dags/First_dag.py
[2024-03-09T05:46:20.534+0000] {processor.py:830} INFO - Processing file /opt/airflow/dags/First_dag.py for tasks to queue
[2024-03-09T05:46:20.538+0000] {logging_mixin.py:188} INFO - [2024-03-09T05:46:20.537+0000] {dagbag.py:540} INFO - Filling up the DagBag from /opt/airflow/dags/First_dag.py
[2024-03-09T05:46:20.602+0000] {processor.py:840} INFO - DAG(s) 'DAG_1' retrieved from /opt/airflow/dags/First_dag.py
[2024-03-09T05:46:20.678+0000] {logging_mixin.py:188} INFO - [2024-03-09T05:46:20.677+0000] {dag.py:3047} INFO - Sync 1 DAGs
[2024-03-09T05:46:20.777+0000] {logging_mixin.py:188} INFO - [2024-03-09T05:46:20.775+0000] {dag.py:3834} INFO - Setting next_dagrun for DAG_1 to 2024-03-17 00:00:00+00:00, run_after=2024-03-24 00:00:00+00:00
[2024-03-09T05:46:20.863+0000] {processor.py:183} INFO - Processing /opt/airflow/dags/First_dag.py took 0.344 seconds
[2024-03-09T05:46:51.827+0000] {processor.py:161} INFO - Started process (PID=2322) to work on /opt/airflow/dags/First_dag.py
[2024-03-09T05:46:51.833+0000] {processor.py:830} INFO - Processing file /opt/airflow/dags/First_dag.py for tasks to queue
[2024-03-09T05:46:51.839+0000] {logging_mixin.py:188} INFO - [2024-03-09T05:46:51.836+0000] {dagbag.py:540} INFO - Filling up the DagBag from /opt/airflow/dags/First_dag.py
[2024-03-09T05:46:51.891+0000] {processor.py:840} INFO - DAG(s) 'DAG_1' retrieved from /opt/airflow/dags/First_dag.py
[2024-03-09T05:46:51.939+0000] {logging_mixin.py:188} INFO - [2024-03-09T05:46:51.937+0000] {dag.py:3047} INFO - Sync 1 DAGs
[2024-03-09T05:46:51.984+0000] {logging_mixin.py:188} INFO - [2024-03-09T05:46:51.984+0000] {dag.py:3834} INFO - Setting next_dagrun for DAG_1 to 2024-03-17 00:00:00+00:00, run_after=2024-03-24 00:00:00+00:00
[2024-03-09T05:46:52.062+0000] {processor.py:183} INFO - Processing /opt/airflow/dags/First_dag.py took 0.255 seconds
[2024-03-09T05:47:22.533+0000] {processor.py:161} INFO - Started process (PID=2379) to work on /opt/airflow/dags/First_dag.py
[2024-03-09T05:47:22.535+0000] {processor.py:830} INFO - Processing file /opt/airflow/dags/First_dag.py for tasks to queue
[2024-03-09T05:47:22.537+0000] {logging_mixin.py:188} INFO - [2024-03-09T05:47:22.536+0000] {dagbag.py:540} INFO - Filling up the DagBag from /opt/airflow/dags/First_dag.py
[2024-03-09T05:47:22.572+0000] {processor.py:840} INFO - DAG(s) 'DAG_1' retrieved from /opt/airflow/dags/First_dag.py
[2024-03-09T05:47:22.610+0000] {logging_mixin.py:188} INFO - [2024-03-09T05:47:22.609+0000] {dag.py:3047} INFO - Sync 1 DAGs
[2024-03-09T05:47:22.652+0000] {logging_mixin.py:188} INFO - [2024-03-09T05:47:22.651+0000] {dag.py:3834} INFO - Setting next_dagrun for DAG_1 to 2024-03-17 00:00:00+00:00, run_after=2024-03-24 00:00:00+00:00
[2024-03-09T05:47:22.684+0000] {processor.py:183} INFO - Processing /opt/airflow/dags/First_dag.py took 0.156 seconds
[2024-03-09T05:47:53.656+0000] {processor.py:161} INFO - Started process (PID=2436) to work on /opt/airflow/dags/First_dag.py
[2024-03-09T05:47:53.658+0000] {processor.py:830} INFO - Processing file /opt/airflow/dags/First_dag.py for tasks to queue
[2024-03-09T05:47:53.661+0000] {logging_mixin.py:188} INFO - [2024-03-09T05:47:53.661+0000] {dagbag.py:540} INFO - Filling up the DagBag from /opt/airflow/dags/First_dag.py
[2024-03-09T05:47:53.692+0000] {processor.py:840} INFO - DAG(s) 'DAG_1' retrieved from /opt/airflow/dags/First_dag.py
[2024-03-09T05:47:53.716+0000] {logging_mixin.py:188} INFO - [2024-03-09T05:47:53.716+0000] {dag.py:3047} INFO - Sync 1 DAGs
[2024-03-09T05:47:53.747+0000] {logging_mixin.py:188} INFO - [2024-03-09T05:47:53.747+0000] {dag.py:3834} INFO - Setting next_dagrun for DAG_1 to 2024-03-17 00:00:00+00:00, run_after=2024-03-24 00:00:00+00:00
[2024-03-09T05:47:53.775+0000] {processor.py:183} INFO - Processing /opt/airflow/dags/First_dag.py took 0.124 seconds
[2024-03-09T05:48:24.725+0000] {processor.py:161} INFO - Started process (PID=2493) to work on /opt/airflow/dags/First_dag.py
[2024-03-09T05:48:24.726+0000] {processor.py:830} INFO - Processing file /opt/airflow/dags/First_dag.py for tasks to queue
[2024-03-09T05:48:24.728+0000] {logging_mixin.py:188} INFO - [2024-03-09T05:48:24.728+0000] {dagbag.py:540} INFO - Filling up the DagBag from /opt/airflow/dags/First_dag.py
[2024-03-09T05:48:24.755+0000] {processor.py:840} INFO - DAG(s) 'DAG_1' retrieved from /opt/airflow/dags/First_dag.py
[2024-03-09T05:48:24.780+0000] {logging_mixin.py:188} INFO - [2024-03-09T05:48:24.779+0000] {dag.py:3047} INFO - Sync 1 DAGs
[2024-03-09T05:48:24.809+0000] {logging_mixin.py:188} INFO - [2024-03-09T05:48:24.809+0000] {dag.py:3834} INFO - Setting next_dagrun for DAG_1 to 2024-03-17 00:00:00+00:00, run_after=2024-03-24 00:00:00+00:00
[2024-03-09T05:48:24.836+0000] {processor.py:183} INFO - Processing /opt/airflow/dags/First_dag.py took 0.116 seconds
[2024-03-09T05:48:55.232+0000] {processor.py:161} INFO - Started process (PID=2550) to work on /opt/airflow/dags/First_dag.py
[2024-03-09T05:48:55.233+0000] {processor.py:830} INFO - Processing file /opt/airflow/dags/First_dag.py for tasks to queue
[2024-03-09T05:48:55.234+0000] {logging_mixin.py:188} INFO - [2024-03-09T05:48:55.234+0000] {dagbag.py:540} INFO - Filling up the DagBag from /opt/airflow/dags/First_dag.py
[2024-03-09T05:48:55.259+0000] {processor.py:840} INFO - DAG(s) 'DAG_1' retrieved from /opt/airflow/dags/First_dag.py
[2024-03-09T05:48:55.284+0000] {logging_mixin.py:188} INFO - [2024-03-09T05:48:55.284+0000] {dag.py:3047} INFO - Sync 1 DAGs
[2024-03-09T05:48:55.311+0000] {logging_mixin.py:188} INFO - [2024-03-09T05:48:55.310+0000] {dag.py:3834} INFO - Setting next_dagrun for DAG_1 to 2024-03-17 00:00:00+00:00, run_after=2024-03-24 00:00:00+00:00
[2024-03-09T05:48:55.337+0000] {processor.py:183} INFO - Processing /opt/airflow/dags/First_dag.py took 0.109 seconds
[2024-03-09T05:49:25.618+0000] {processor.py:161} INFO - Started process (PID=2607) to work on /opt/airflow/dags/First_dag.py
[2024-03-09T05:49:25.620+0000] {processor.py:830} INFO - Processing file /opt/airflow/dags/First_dag.py for tasks to queue
[2024-03-09T05:49:25.623+0000] {logging_mixin.py:188} INFO - [2024-03-09T05:49:25.623+0000] {dagbag.py:540} INFO - Filling up the DagBag from /opt/airflow/dags/First_dag.py
[2024-03-09T05:49:25.650+0000] {processor.py:840} INFO - DAG(s) 'DAG_1' retrieved from /opt/airflow/dags/First_dag.py
[2024-03-09T05:49:25.675+0000] {logging_mixin.py:188} INFO - [2024-03-09T05:49:25.674+0000] {dag.py:3047} INFO - Sync 1 DAGs
[2024-03-09T05:49:25.702+0000] {logging_mixin.py:188} INFO - [2024-03-09T05:49:25.701+0000] {dag.py:3834} INFO - Setting next_dagrun for DAG_1 to 2024-03-17 00:00:00+00:00, run_after=2024-03-24 00:00:00+00:00
[2024-03-09T05:49:25.728+0000] {processor.py:183} INFO - Processing /opt/airflow/dags/First_dag.py took 0.113 seconds
[2024-03-09T05:49:56.587+0000] {processor.py:161} INFO - Started process (PID=2664) to work on /opt/airflow/dags/First_dag.py
[2024-03-09T05:49:56.588+0000] {processor.py:830} INFO - Processing file /opt/airflow/dags/First_dag.py for tasks to queue
[2024-03-09T05:49:56.589+0000] {logging_mixin.py:188} INFO - [2024-03-09T05:49:56.589+0000] {dagbag.py:540} INFO - Filling up the DagBag from /opt/airflow/dags/First_dag.py
[2024-03-09T05:49:56.620+0000] {processor.py:840} INFO - DAG(s) 'DAG_1' retrieved from /opt/airflow/dags/First_dag.py
[2024-03-09T05:49:56.646+0000] {logging_mixin.py:188} INFO - [2024-03-09T05:49:56.646+0000] {dag.py:3047} INFO - Sync 1 DAGs
[2024-03-09T05:49:56.681+0000] {logging_mixin.py:188} INFO - [2024-03-09T05:49:56.680+0000] {dag.py:3834} INFO - Setting next_dagrun for DAG_1 to 2024-03-17 00:00:00+00:00, run_after=2024-03-24 00:00:00+00:00
[2024-03-09T05:49:56.712+0000] {processor.py:183} INFO - Processing /opt/airflow/dags/First_dag.py took 0.129 seconds
